{
  "testId" : "15-article-elsewhere-iphone5-iphone-320x568",
  "name" : "Article_Elsewhere_iPhone5_iPhone_320x568",
  "report" : {
    "nodes" : [ {
      "name" : "WrappedException: Wrapped org.openqa.selenium.WebDriverException: Session not started or terminated (WARNING: The server did not provide any stacktrace information)\nCommand duration or timeout: 894 milliseconds\nBuild info: version: 'unknown', revision: 'unknown', time: 'unknown'\nSystem info: host: 'Tahers-Macbook-Pro.local', ip: '192.168.1.32', os.name: 'Mac OS X', os.arch: 'x86_64', os.version: '10.11.1', java.version: '1.8.0_60'\nDriver info: org.openqa.selenium.remote.RemoteWebDriver\nCapabilities [{webStorageEnabled=true, locationContextEnabled=true, browserName=iPhone, takesScreenshot=true, javascriptEnabled=true, databaseEnabled=true, version=6.0, platform=MAC}]\nSession ID: 992b7defbcf798f56a6390931246b8e2fb8f2eed\n*** Element info: {Using=xpath, value=/html/body/div[2]} (<cmd>#136)",
      "status" : "error",
      "time" : 1449137587305,
      "stacktrace" : "org.mozilla.javascript.WrappedException: Wrapped org.openqa.selenium.WebDriverException: Session not started or terminated (WARNING: The server did not provide any stacktrace information)\nCommand duration or timeout: 894 milliseconds\nBuild info: version: 'unknown', revision: 'unknown', time: 'unknown'\nSystem info: host: 'Tahers-Macbook-Pro.local', ip: '192.168.1.32', os.name: 'Mac OS X', os.arch: 'x86_64', os.version: '10.11.1', java.version: '1.8.0_60'\nDriver info: org.openqa.selenium.remote.RemoteWebDriver\nCapabilities [{webStorageEnabled=true, locationContextEnabled=true, browserName=iPhone, takesScreenshot=true, javascriptEnabled=true, databaseEnabled=true, version=6.0, platform=MAC}]\nSession ID: 992b7defbcf798f56a6390931246b8e2fb8f2eed\n*** Element info: {Using=xpath, value=/html/body/div[2]} (<cmd>#136)\n\tat org.mozilla.javascript.Context.throwAsScriptRuntimeEx(Context.java:1754)\n\tat org.mozilla.javascript.MemberBox.invoke(MemberBox.java:148)\n\tat org.mozilla.javascript.NativeJavaMethod.call(NativeJavaMethod.java:225)\n\tat org.mozilla.javascript.optimizer.OptRuntime.callN(OptRuntime.java:52)\n\tat org.mozilla.javascript.gen._cmd__18._c_checkLayout_7(<cmd>:136)\n\tat org.mozilla.javascript.gen._cmd__18.call(<cmd>)\n\tat org.mozilla.javascript.optimizer.OptRuntime.callName(OptRuntime.java:63)\n\tat org.mozilla.javascript.gen._Users_taher_Desktop_gcss_article_elsewhere_test_new_test_js_20._c_anonymous_20(/Users/taher/Desktop/gcss/article_elsewhere/test/new.test.js:356)\n\tat org.mozilla.javascript.gen._Users_taher_Desktop_gcss_article_elsewhere_test_new_test_js_20.call(/Users/taher/Desktop/gcss/article_elsewhere/test/new.test.js)\n\tat org.mozilla.javascript.ScriptRuntime.applyOrCall(ScriptRuntime.java:2429)\n\tat org.mozilla.javascript.BaseFunction.execIdCall(BaseFunction.java:269)\n\tat org.mozilla.javascript.IdFunctionObject.call(IdFunctionObject.java:97)\n\tat org.mozilla.javascript.optimizer.OptRuntime.call1(OptRuntime.java:32)\n\tat org.mozilla.javascript.gen._cmd__17._c_invokeFunc_2(<cmd>:31)\n\tat org.mozilla.javascript.gen._cmd__17.call(<cmd>)\n\tat org.mozilla.javascript.optimizer.OptRuntime.callName(OptRuntime.java:63)\n\tat org.mozilla.javascript.gen._cmd__17._c_anonymous_22(<cmd>:280)\n\tat org.mozilla.javascript.gen._cmd__17.call(<cmd>)\n\tat org.mozilla.javascript.ContextFactory.doTopCall(ContextFactory.java:394)\n\tat org.mozilla.javascript.ScriptRuntime.doTopCall(ScriptRuntime.java:3090)\n\tat org.mozilla.javascript.gen._cmd__17.call(<cmd>)\n\tat org.mozilla.javascript.JavaAdapter.doCall(JavaAdapter.java:606)\n\tat org.mozilla.javascript.JavaAdapter.callMethod(JavaAdapter.java:581)\n\tat adapter1.execute(<adapter>)\n\tat com.galenframework.TestRunnable.runTest(TestRunnable.java:75)\n\tat com.galenframework.TestRunnable.run(TestRunnable.java:101)\n\tat java.util.concurrent.ThreadPoolExecutor.runWorker(ThreadPoolExecutor.java:1142)\n\tat java.util.concurrent.ThreadPoolExecutor$Worker.run(ThreadPoolExecutor.java:617)\n\tat java.lang.Thread.run(Thread.java:745)\nCaused by: org.openqa.selenium.WebDriverException: Session not started or terminated (WARNING: The server did not provide any stacktrace information)\nCommand duration or timeout: 894 milliseconds\nBuild info: version: 'unknown', revision: 'unknown', time: 'unknown'\nSystem info: host: 'Tahers-Macbook-Pro.local', ip: '192.168.1.32', os.name: 'Mac OS X', os.arch: 'x86_64', os.version: '10.11.1', java.version: '1.8.0_60'\nDriver info: org.openqa.selenium.remote.RemoteWebDriver\nCapabilities [{webStorageEnabled=true, locationContextEnabled=true, browserName=iPhone, takesScreenshot=true, javascriptEnabled=true, databaseEnabled=true, version=6.0, platform=MAC}]\nSession ID: 992b7defbcf798f56a6390931246b8e2fb8f2eed\n*** Element info: {Using=xpath, value=/html/body/div[2]}\n\tat sun.reflect.NativeConstructorAccessorImpl.newInstance0(Native Method)\n\tat sun.reflect.NativeConstructorAccessorImpl.newInstance(NativeConstructorAccessorImpl.java:62)\n\tat sun.reflect.DelegatingConstructorAccessorImpl.newInstance(DelegatingConstructorAccessorImpl.java:45)\n\tat java.lang.reflect.Constructor.newInstance(Constructor.java:422)\n\tat org.openqa.selenium.remote.ErrorHandler.createThrowable(ErrorHandler.java:206)\n\tat org.openqa.selenium.remote.ErrorHandler.throwIfResponseFailed(ErrorHandler.java:158)\n\tat org.openqa.selenium.remote.RemoteWebDriver.execute(RemoteWebDriver.java:595)\n\tat org.openqa.selenium.remote.RemoteWebDriver.findElements(RemoteWebDriver.java:373)\n\tat org.openqa.selenium.remote.RemoteWebDriver.findElementsByXPath(RemoteWebDriver.java:449)\n\tat org.openqa.selenium.By$ByXPath.findElements(By.java:353)\n\tat org.openqa.selenium.remote.RemoteWebDriver.findElements(RemoteWebDriver.java:336)\n\tat sun.reflect.GeneratedMethodAccessor2.invoke(Unknown Source)\n\tat sun.reflect.DelegatingMethodAccessorImpl.invoke(DelegatingMethodAccessorImpl.java:43)\n\tat java.lang.reflect.Method.invoke(Method.java:497)\n\tat org.openqa.selenium.remote.Augmenter$CompoundHandler.intercept(Augmenter.java:191)\n\tat org.openqa.selenium.remote.RemoteWebDriver$$EnhancerByCGLIB$$96d8461e.findElements(<generated>)\n\tat com.galenframework.page.selenium.ByChain.findElement(ByChain.java:63)\n\tat com.galenframework.page.selenium.SeleniumPage.driverFindElement(SeleniumPage.java:115)\n\tat com.galenframework.page.selenium.SeleniumPage.locatorToElement(SeleniumPage.java:129)\n\tat com.galenframework.page.selenium.SeleniumPage.getObject(SeleniumPage.java:77)\n\tat com.galenframework.page.selenium.SeleniumPage.getObject(SeleniumPage.java:86)\n\tat com.galenframework.validation.PageValidation.findPageElement(PageValidation.java:89)\n\tat com.galenframework.validation.specs.SpecValidationSize.check(SpecValidationSize.java:31)\n\tat com.galenframework.validation.specs.SpecValidationSize.check(SpecValidationSize.java:27)\n\tat com.galenframework.validation.PageValidation.check(PageValidation.java:71)\n\tat com.galenframework.validation.PageValidation.check(PageValidation.java:61)\n\tat com.galenframework.validation.SectionValidation.checkObject(SectionValidation.java:165)\n\tat com.galenframework.validation.SectionValidation.checkObjects(SectionValidation.java:75)\n\tat com.galenframework.validation.SectionValidation.checkSection(SectionValidation.java:109)\n\tat com.galenframework.validation.SectionValidation.checkPageSection(SectionValidation.java:54)\n\tat com.galenframework.validation.SectionValidation.check(SectionValidation.java:47)\n\tat com.galenframework.api.Galen.checkLayoutForPage(Galen.java:117)\n\tat com.galenframework.api.Galen.checkLayout(Galen.java:90)\n\tat com.galenframework.api.Galen.checkLayout(Galen.java:73)\n\tat com.galenframework.javascript.GalenJsApi.checkLayout(GalenJsApi.java:100)\n\tat sun.reflect.NativeMethodAccessorImpl.invoke0(Native Method)\n\tat sun.reflect.NativeMethodAccessorImpl.invoke(NativeMethodAccessorImpl.java:62)\n\tat sun.reflect.DelegatingMethodAccessorImpl.invoke(DelegatingMethodAccessorImpl.java:43)\n\tat java.lang.reflect.Method.invoke(Method.java:497)\n\tat org.mozilla.javascript.MemberBox.invoke(MemberBox.java:126)\n\t... 27 more\n",
      "type" : "node"
    } ]
  }
}