<html>
    <head>
        <title>Galen Reports</title>
        <link rel="stylesheet" type="text/css" href="report.css"></link>
        <link rel="stylesheet" type="text/css" href="tablesorter.css"></link>
        <script src="jquery-1.11.2.min.js"></script>
        <script src="handlebars-v2.0.0.js"></script>
        <script src="tablesorter.js"></script>
        <script src="galen-report.js"></script>
        <script>
var reportData = {
  "tests" : [ {
    "name" : "Homepage_Windows10_IE_11_1366x768",
    "startedAt" : 1449141791956,
    "endedAt" : 1449141794043,
    "failed" : true,
    "statistic" : {
      "passed" : 0,
      "errors" : 1,
      "warnings" : 0,
      "total" : 1
    },
    "testId" : "1-homepage-windows10-ie-11-1366x768",
    "groups" : [ "Homepage_Desktop_1366x768" ],
    "failed" : true,
    "exceptionMessage" : "WrappedException: Wrapped java.lang.RuntimeException: org.openqa.selenium.WebDriverException: Automate daily limit reached for your plan. (WARNING: The server did not provide any stacktrace information)\nCommand duration or timeout: 1.55 seconds\nBuild info: version: 'unknown', revision: 'unknown', time: 'unknown'\nSystem info: host: 'Nishants-MacBook-Pro.local', ip: '192.168.0.3', os.name: 'Mac OS X', os.arch: 'x86_64', os.version: '10.11.1', java.version: '1.8.0_65'\nDriver info: org.openqa.selenium.remote.RemoteWebDriver (<cmd>#54)",
    "exceptionStacktrace" : "org.mozilla.javascript.WrappedException: Wrapped java.lang.RuntimeException: org.openqa.selenium.WebDriverException: Automate daily limit reached for your plan. (WARNING: The server did not provide any stacktrace information)\nCommand duration or timeout: 1.55 seconds\nBuild info: version: 'unknown', revision: 'unknown', time: 'unknown'\nSystem info: host: 'Nishants-MacBook-Pro.local', ip: '192.168.0.3', os.name: 'Mac OS X', os.arch: 'x86_64', os.version: '10.11.1', java.version: '1.8.0_65'\nDriver info: org.openqa.selenium.remote.RemoteWebDriver (<cmd>#54)\n\tat org.mozilla.javascript.Context.throwAsScriptRuntimeEx(Context.java:1754)\n\tat org.mozilla.javascript.MemberBox.invoke(MemberBox.java:148)\n\tat org.mozilla.javascript.NativeJavaMethod.call(NativeJavaMethod.java:225)\n\tat org.mozilla.javascript.optimizer.OptRuntime.callN(OptRuntime.java:52)\n\tat org.mozilla.javascript.gen._cmd__18._c_createGridDriver_4(<cmd>:54)\n\tat org.mozilla.javascript.gen._cmd__18.call(<cmd>)\n\tat org.mozilla.javascript.optimizer.OptRuntime.callName(OptRuntime.java:63)\n\tat org.mozilla.javascript.gen._Users_nishantkumar_Documents_galenv2_gcss_homepage_test_page_test_js_20._c_anonymous_2(/Users/nishantkumar/Documents/galenv2/gcss/homepage/test/page.test.js:23)\n\tat org.mozilla.javascript.gen._Users_nishantkumar_Documents_galenv2_gcss_homepage_test_page_test_js_20.call(/Users/nishantkumar/Documents/galenv2/gcss/homepage/test/page.test.js)\n\tat org.mozilla.javascript.ScriptRuntime.applyOrCall(ScriptRuntime.java:2429)\n\tat org.mozilla.javascript.BaseFunction.execIdCall(BaseFunction.java:269)\n\tat org.mozilla.javascript.IdFunctionObject.call(IdFunctionObject.java:97)\n\tat org.mozilla.javascript.optimizer.OptRuntime.call1(OptRuntime.java:32)\n\tat org.mozilla.javascript.gen._cmd__17._c_invokeFunc_2(<cmd>:31)\n\tat org.mozilla.javascript.gen._cmd__17.call(<cmd>)\n\tat org.mozilla.javascript.optimizer.OptRuntime.callName(OptRuntime.java:63)\n\tat org.mozilla.javascript.gen._cmd__17._c_anonymous_22(<cmd>:280)\n\tat org.mozilla.javascript.gen._cmd__17.call(<cmd>)\n\tat org.mozilla.javascript.ContextFactory.doTopCall(ContextFactory.java:394)\n\tat org.mozilla.javascript.ScriptRuntime.doTopCall(ScriptRuntime.java:3090)\n\tat org.mozilla.javascript.gen._cmd__17.call(<cmd>)\n\tat org.mozilla.javascript.JavaAdapter.doCall(JavaAdapter.java:606)\n\tat org.mozilla.javascript.JavaAdapter.access$000(JavaAdapter.java:15)\n\tat org.mozilla.javascript.JavaAdapter$1.run(JavaAdapter.java:586)\n\tat org.mozilla.javascript.Context.call(Context.java:489)\n\tat org.mozilla.javascript.ContextFactory.call(ContextFactory.java:504)\n\tat org.mozilla.javascript.JavaAdapter.callMethod(JavaAdapter.java:583)\n\tat adapter1.execute(<adapter>)\n\tat com.galenframework.TestRunnable.runTest(TestRunnable.java:75)\n\tat com.galenframework.TestRunnable.run(TestRunnable.java:101)\n\tat java.util.concurrent.ThreadPoolExecutor.runWorker(ThreadPoolExecutor.java:1142)\n\tat java.util.concurrent.ThreadPoolExecutor$Worker.run(ThreadPoolExecutor.java:617)\n\tat java.lang.Thread.run(Thread.java:745)\nCaused by: java.lang.RuntimeException: org.openqa.selenium.WebDriverException: Automate daily limit reached for your plan. (WARNING: The server did not provide any stacktrace information)\nCommand duration or timeout: 1.55 seconds\nBuild info: version: 'unknown', revision: 'unknown', time: 'unknown'\nSystem info: host: 'Nishants-MacBook-Pro.local', ip: '192.168.0.3', os.name: 'Mac OS X', os.arch: 'x86_64', os.version: '10.11.1', java.version: '1.8.0_65'\nDriver info: org.openqa.selenium.remote.RemoteWebDriver\n\tat com.galenframework.browser.SeleniumGridBrowserFactory.openBrowser(SeleniumGridBrowserFactory.java:70)\n\tat com.galenframework.utils.GalenUtils.createGridDriver(GalenUtils.java:286)\n\tat sun.reflect.NativeMethodAccessorImpl.invoke0(Native Method)\n\tat sun.reflect.NativeMethodAccessorImpl.invoke(NativeMethodAccessorImpl.java:62)\n\tat sun.reflect.DelegatingMethodAccessorImpl.invoke(DelegatingMethodAccessorImpl.java:43)\n\tat java.lang.reflect.Method.invoke(Method.java:497)\n\tat org.mozilla.javascript.MemberBox.invoke(MemberBox.java:126)\n\t... 31 more\nCaused by: org.openqa.selenium.WebDriverException: Automate daily limit reached for your plan. (WARNING: The server did not provide any stacktrace information)\nCommand duration or timeout: 1.55 seconds\nBuild info: version: 'unknown', revision: 'unknown', time: 'unknown'\nSystem info: host: 'Nishants-MacBook-Pro.local', ip: '192.168.0.3', os.name: 'Mac OS X', os.arch: 'x86_64', os.version: '10.11.1', java.version: '1.8.0_65'\nDriver info: org.openqa.selenium.remote.RemoteWebDriver\n\tat sun.reflect.NativeConstructorAccessorImpl.newInstance0(Native Method)\n\tat sun.reflect.NativeConstructorAccessorImpl.newInstance(NativeConstructorAccessorImpl.java:62)\n\tat sun.reflect.DelegatingConstructorAccessorImpl.newInstance(DelegatingConstructorAccessorImpl.java:45)\n\tat java.lang.reflect.Constructor.newInstance(Constructor.java:422)\n\tat org.openqa.selenium.remote.ErrorHandler.createThrowable(ErrorHandler.java:206)\n\tat org.openqa.selenium.remote.ErrorHandler.throwIfResponseFailed(ErrorHandler.java:158)\n\tat org.openqa.selenium.remote.RemoteWebDriver.execute(RemoteWebDriver.java:595)\n\tat org.openqa.selenium.remote.RemoteWebDriver.startSession(RemoteWebDriver.java:242)\n\tat org.openqa.selenium.remote.RemoteWebDriver.<init>(RemoteWebDriver.java:128)\n\tat org.openqa.selenium.remote.RemoteWebDriver.<init>(RemoteWebDriver.java:155)\n\tat com.galenframework.browser.SeleniumGridBrowserFactory.openBrowser(SeleniumGridBrowserFactory.java:65)\n\t... 37 more\n",
    "duration" : 2087
  }, {
    "name" : "Homepage_Windows10_Chrome_42_1366x768",
    "startedAt" : 1449141794043,
    "endedAt" : 1449141794798,
    "failed" : true,
    "statistic" : {
      "passed" : 0,
      "errors" : 1,
      "warnings" : 0,
      "total" : 1
    },
    "testId" : "2-homepage-windows10-chrome-42-1366x768",
    "groups" : [ "Homepage_Desktop_1366x768" ],
    "failed" : true,
    "exceptionMessage" : "WrappedException: Wrapped java.lang.RuntimeException: org.openqa.selenium.WebDriverException: Automate daily limit reached for your plan. (WARNING: The server did not provide any stacktrace information)\nCommand duration or timeout: 750 milliseconds\nBuild info: version: 'unknown', revision: 'unknown', time: 'unknown'\nSystem info: host: 'Nishants-MacBook-Pro.local', ip: '192.168.0.3', os.name: 'Mac OS X', os.arch: 'x86_64', os.version: '10.11.1', java.version: '1.8.0_65'\nDriver info: org.openqa.selenium.remote.RemoteWebDriver (<cmd>#54)",
    "exceptionStacktrace" : "org.mozilla.javascript.WrappedException: Wrapped java.lang.RuntimeException: org.openqa.selenium.WebDriverException: Automate daily limit reached for your plan. (WARNING: The server did not provide any stacktrace information)\nCommand duration or timeout: 750 milliseconds\nBuild info: version: 'unknown', revision: 'unknown', time: 'unknown'\nSystem info: host: 'Nishants-MacBook-Pro.local', ip: '192.168.0.3', os.name: 'Mac OS X', os.arch: 'x86_64', os.version: '10.11.1', java.version: '1.8.0_65'\nDriver info: org.openqa.selenium.remote.RemoteWebDriver (<cmd>#54)\n\tat org.mozilla.javascript.Context.throwAsScriptRuntimeEx(Context.java:1754)\n\tat org.mozilla.javascript.MemberBox.invoke(MemberBox.java:148)\n\tat org.mozilla.javascript.NativeJavaMethod.call(NativeJavaMethod.java:225)\n\tat org.mozilla.javascript.optimizer.OptRuntime.callN(OptRuntime.java:52)\n\tat org.mozilla.javascript.gen._cmd__18._c_createGridDriver_4(<cmd>:54)\n\tat org.mozilla.javascript.gen._cmd__18.call(<cmd>)\n\tat org.mozilla.javascript.optimizer.OptRuntime.callName(OptRuntime.java:63)\n\tat org.mozilla.javascript.gen._Users_nishantkumar_Documents_galenv2_gcss_homepage_test_page_test_js_20._c_anonymous_3(/Users/nishantkumar/Documents/galenv2/gcss/homepage/test/page.test.js:45)\n\tat org.mozilla.javascript.gen._Users_nishantkumar_Documents_galenv2_gcss_homepage_test_page_test_js_20.call(/Users/nishantkumar/Documents/galenv2/gcss/homepage/test/page.test.js)\n\tat org.mozilla.javascript.ScriptRuntime.applyOrCall(ScriptRuntime.java:2429)\n\tat org.mozilla.javascript.BaseFunction.execIdCall(BaseFunction.java:269)\n\tat org.mozilla.javascript.IdFunctionObject.call(IdFunctionObject.java:97)\n\tat org.mozilla.javascript.optimizer.OptRuntime.call1(OptRuntime.java:32)\n\tat org.mozilla.javascript.gen._cmd__17._c_invokeFunc_2(<cmd>:31)\n\tat org.mozilla.javascript.gen._cmd__17.call(<cmd>)\n\tat org.mozilla.javascript.optimizer.OptRuntime.callName(OptRuntime.java:63)\n\tat org.mozilla.javascript.gen._cmd__17._c_anonymous_22(<cmd>:280)\n\tat org.mozilla.javascript.gen._cmd__17.call(<cmd>)\n\tat org.mozilla.javascript.ContextFactory.doTopCall(ContextFactory.java:394)\n\tat org.mozilla.javascript.ScriptRuntime.doTopCall(ScriptRuntime.java:3090)\n\tat org.mozilla.javascript.gen._cmd__17.call(<cmd>)\n\tat org.mozilla.javascript.JavaAdapter.doCall(JavaAdapter.java:606)\n\tat org.mozilla.javascript.JavaAdapter.access$000(JavaAdapter.java:15)\n\tat org.mozilla.javascript.JavaAdapter$1.run(JavaAdapter.java:586)\n\tat org.mozilla.javascript.Context.call(Context.java:489)\n\tat org.mozilla.javascript.ContextFactory.call(ContextFactory.java:504)\n\tat org.mozilla.javascript.JavaAdapter.callMethod(JavaAdapter.java:583)\n\tat adapter1.execute(<adapter>)\n\tat com.galenframework.TestRunnable.runTest(TestRunnable.java:75)\n\tat com.galenframework.TestRunnable.run(TestRunnable.java:101)\n\tat java.util.concurrent.ThreadPoolExecutor.runWorker(ThreadPoolExecutor.java:1142)\n\tat java.util.concurrent.ThreadPoolExecutor$Worker.run(ThreadPoolExecutor.java:617)\n\tat java.lang.Thread.run(Thread.java:745)\nCaused by: java.lang.RuntimeException: org.openqa.selenium.WebDriverException: Automate daily limit reached for your plan. (WARNING: The server did not provide any stacktrace information)\nCommand duration or timeout: 750 milliseconds\nBuild info: version: 'unknown', revision: 'unknown', time: 'unknown'\nSystem info: host: 'Nishants-MacBook-Pro.local', ip: '192.168.0.3', os.name: 'Mac OS X', os.arch: 'x86_64', os.version: '10.11.1', java.version: '1.8.0_65'\nDriver info: org.openqa.selenium.remote.RemoteWebDriver\n\tat com.galenframework.browser.SeleniumGridBrowserFactory.openBrowser(SeleniumGridBrowserFactory.java:70)\n\tat com.galenframework.utils.GalenUtils.createGridDriver(GalenUtils.java:286)\n\tat sun.reflect.NativeMethodAccessorImpl.invoke0(Native Method)\n\tat sun.reflect.NativeMethodAccessorImpl.invoke(NativeMethodAccessorImpl.java:62)\n\tat sun.reflect.DelegatingMethodAccessorImpl.invoke(DelegatingMethodAccessorImpl.java:43)\n\tat java.lang.reflect.Method.invoke(Method.java:497)\n\tat org.mozilla.javascript.MemberBox.invoke(MemberBox.java:126)\n\t... 31 more\nCaused by: org.openqa.selenium.WebDriverException: Automate daily limit reached for your plan. (WARNING: The server did not provide any stacktrace information)\nCommand duration or timeout: 750 milliseconds\nBuild info: version: 'unknown', revision: 'unknown', time: 'unknown'\nSystem info: host: 'Nishants-MacBook-Pro.local', ip: '192.168.0.3', os.name: 'Mac OS X', os.arch: 'x86_64', os.version: '10.11.1', java.version: '1.8.0_65'\nDriver info: org.openqa.selenium.remote.RemoteWebDriver\n\tat sun.reflect.NativeConstructorAccessorImpl.newInstance0(Native Method)\n\tat sun.reflect.NativeConstructorAccessorImpl.newInstance(NativeConstructorAccessorImpl.java:62)\n\tat sun.reflect.DelegatingConstructorAccessorImpl.newInstance(DelegatingConstructorAccessorImpl.java:45)\n\tat java.lang.reflect.Constructor.newInstance(Constructor.java:422)\n\tat org.openqa.selenium.remote.ErrorHandler.createThrowable(ErrorHandler.java:206)\n\tat org.openqa.selenium.remote.ErrorHandler.throwIfResponseFailed(ErrorHandler.java:158)\n\tat org.openqa.selenium.remote.RemoteWebDriver.execute(RemoteWebDriver.java:595)\n\tat org.openqa.selenium.remote.RemoteWebDriver.startSession(RemoteWebDriver.java:242)\n\tat org.openqa.selenium.remote.RemoteWebDriver.<init>(RemoteWebDriver.java:128)\n\tat org.openqa.selenium.remote.RemoteWebDriver.<init>(RemoteWebDriver.java:155)\n\tat com.galenframework.browser.SeleniumGridBrowserFactory.openBrowser(SeleniumGridBrowserFactory.java:65)\n\t... 37 more\n",
    "duration" : 755
  }, {
    "name" : "Homepage_Windows10_Firefox_37_1366x768",
    "startedAt" : 1449141794798,
    "endedAt" : 1449141795763,
    "failed" : true,
    "statistic" : {
      "passed" : 0,
      "errors" : 1,
      "warnings" : 0,
      "total" : 1
    },
    "testId" : "3-homepage-windows10-firefox-37-1366x768",
    "groups" : [ "Homepage_Desktop_1366x768" ],
    "failed" : true,
    "exceptionMessage" : "WrappedException: Wrapped java.lang.RuntimeException: org.openqa.selenium.WebDriverException: Automate daily limit reached for your plan. (WARNING: The server did not provide any stacktrace information)\nCommand duration or timeout: 960 milliseconds\nBuild info: version: 'unknown', revision: 'unknown', time: 'unknown'\nSystem info: host: 'Nishants-MacBook-Pro.local', ip: '192.168.0.3', os.name: 'Mac OS X', os.arch: 'x86_64', os.version: '10.11.1', java.version: '1.8.0_65'\nDriver info: org.openqa.selenium.remote.RemoteWebDriver (<cmd>#54)",
    "exceptionStacktrace" : "org.mozilla.javascript.WrappedException: Wrapped java.lang.RuntimeException: org.openqa.selenium.WebDriverException: Automate daily limit reached for your plan. (WARNING: The server did not provide any stacktrace information)\nCommand duration or timeout: 960 milliseconds\nBuild info: version: 'unknown', revision: 'unknown', time: 'unknown'\nSystem info: host: 'Nishants-MacBook-Pro.local', ip: '192.168.0.3', os.name: 'Mac OS X', os.arch: 'x86_64', os.version: '10.11.1', java.version: '1.8.0_65'\nDriver info: org.openqa.selenium.remote.RemoteWebDriver (<cmd>#54)\n\tat org.mozilla.javascript.Context.throwAsScriptRuntimeEx(Context.java:1754)\n\tat org.mozilla.javascript.MemberBox.invoke(MemberBox.java:148)\n\tat org.mozilla.javascript.NativeJavaMethod.call(NativeJavaMethod.java:225)\n\tat org.mozilla.javascript.optimizer.OptRuntime.callN(OptRuntime.java:52)\n\tat org.mozilla.javascript.gen._cmd__18._c_createGridDriver_4(<cmd>:54)\n\tat org.mozilla.javascript.gen._cmd__18.call(<cmd>)\n\tat org.mozilla.javascript.optimizer.OptRuntime.callName(OptRuntime.java:63)\n\tat org.mozilla.javascript.gen._Users_nishantkumar_Documents_galenv2_gcss_homepage_test_page_test_js_20._c_anonymous_4(/Users/nishantkumar/Documents/galenv2/gcss/homepage/test/page.test.js:67)\n\tat org.mozilla.javascript.gen._Users_nishantkumar_Documents_galenv2_gcss_homepage_test_page_test_js_20.call(/Users/nishantkumar/Documents/galenv2/gcss/homepage/test/page.test.js)\n\tat org.mozilla.javascript.ScriptRuntime.applyOrCall(ScriptRuntime.java:2429)\n\tat org.mozilla.javascript.BaseFunction.execIdCall(BaseFunction.java:269)\n\tat org.mozilla.javascript.IdFunctionObject.call(IdFunctionObject.java:97)\n\tat org.mozilla.javascript.optimizer.OptRuntime.call1(OptRuntime.java:32)\n\tat org.mozilla.javascript.gen._cmd__17._c_invokeFunc_2(<cmd>:31)\n\tat org.mozilla.javascript.gen._cmd__17.call(<cmd>)\n\tat org.mozilla.javascript.optimizer.OptRuntime.callName(OptRuntime.java:63)\n\tat org.mozilla.javascript.gen._cmd__17._c_anonymous_22(<cmd>:280)\n\tat org.mozilla.javascript.gen._cmd__17.call(<cmd>)\n\tat org.mozilla.javascript.ContextFactory.doTopCall(ContextFactory.java:394)\n\tat org.mozilla.javascript.ScriptRuntime.doTopCall(ScriptRuntime.java:3090)\n\tat org.mozilla.javascript.gen._cmd__17.call(<cmd>)\n\tat org.mozilla.javascript.JavaAdapter.doCall(JavaAdapter.java:606)\n\tat org.mozilla.javascript.JavaAdapter.access$000(JavaAdapter.java:15)\n\tat org.mozilla.javascript.JavaAdapter$1.run(JavaAdapter.java:586)\n\tat org.mozilla.javascript.Context.call(Context.java:489)\n\tat org.mozilla.javascript.ContextFactory.call(ContextFactory.java:504)\n\tat org.mozilla.javascript.JavaAdapter.callMethod(JavaAdapter.java:583)\n\tat adapter1.execute(<adapter>)\n\tat com.galenframework.TestRunnable.runTest(TestRunnable.java:75)\n\tat com.galenframework.TestRunnable.run(TestRunnable.java:101)\n\tat java.util.concurrent.ThreadPoolExecutor.runWorker(ThreadPoolExecutor.java:1142)\n\tat java.util.concurrent.ThreadPoolExecutor$Worker.run(ThreadPoolExecutor.java:617)\n\tat java.lang.Thread.run(Thread.java:745)\nCaused by: java.lang.RuntimeException: org.openqa.selenium.WebDriverException: Automate daily limit reached for your plan. (WARNING: The server did not provide any stacktrace information)\nCommand duration or timeout: 960 milliseconds\nBuild info: version: 'unknown', revision: 'unknown', time: 'unknown'\nSystem info: host: 'Nishants-MacBook-Pro.local', ip: '192.168.0.3', os.name: 'Mac OS X', os.arch: 'x86_64', os.version: '10.11.1', java.version: '1.8.0_65'\nDriver info: org.openqa.selenium.remote.RemoteWebDriver\n\tat com.galenframework.browser.SeleniumGridBrowserFactory.openBrowser(SeleniumGridBrowserFactory.java:70)\n\tat com.galenframework.utils.GalenUtils.createGridDriver(GalenUtils.java:286)\n\tat sun.reflect.NativeMethodAccessorImpl.invoke0(Native Method)\n\tat sun.reflect.NativeMethodAccessorImpl.invoke(NativeMethodAccessorImpl.java:62)\n\tat sun.reflect.DelegatingMethodAccessorImpl.invoke(DelegatingMethodAccessorImpl.java:43)\n\tat java.lang.reflect.Method.invoke(Method.java:497)\n\tat org.mozilla.javascript.MemberBox.invoke(MemberBox.java:126)\n\t... 31 more\nCaused by: org.openqa.selenium.WebDriverException: Automate daily limit reached for your plan. (WARNING: The server did not provide any stacktrace information)\nCommand duration or timeout: 960 milliseconds\nBuild info: version: 'unknown', revision: 'unknown', time: 'unknown'\nSystem info: host: 'Nishants-MacBook-Pro.local', ip: '192.168.0.3', os.name: 'Mac OS X', os.arch: 'x86_64', os.version: '10.11.1', java.version: '1.8.0_65'\nDriver info: org.openqa.selenium.remote.RemoteWebDriver\n\tat sun.reflect.NativeConstructorAccessorImpl.newInstance0(Native Method)\n\tat sun.reflect.NativeConstructorAccessorImpl.newInstance(NativeConstructorAccessorImpl.java:62)\n\tat sun.reflect.DelegatingConstructorAccessorImpl.newInstance(DelegatingConstructorAccessorImpl.java:45)\n\tat java.lang.reflect.Constructor.newInstance(Constructor.java:422)\n\tat org.openqa.selenium.remote.ErrorHandler.createThrowable(ErrorHandler.java:206)\n\tat org.openqa.selenium.remote.ErrorHandler.throwIfResponseFailed(ErrorHandler.java:158)\n\tat org.openqa.selenium.remote.RemoteWebDriver.execute(RemoteWebDriver.java:595)\n\tat org.openqa.selenium.remote.RemoteWebDriver.startSession(RemoteWebDriver.java:242)\n\tat org.openqa.selenium.remote.RemoteWebDriver.<init>(RemoteWebDriver.java:128)\n\tat org.openqa.selenium.remote.RemoteWebDriver.<init>(RemoteWebDriver.java:155)\n\tat com.galenframework.browser.SeleniumGridBrowserFactory.openBrowser(SeleniumGridBrowserFactory.java:65)\n\t... 37 more\n",
    "duration" : 965
  }, {
    "name" : "Homepage_Windows8.1_IE_11_1366x768",
    "startedAt" : 1449141795763,
    "endedAt" : 1449141796526,
    "failed" : true,
    "statistic" : {
      "passed" : 0,
      "errors" : 1,
      "warnings" : 0,
      "total" : 1
    },
    "testId" : "4-homepage-windows8.1-ie-11-1366x768",
    "groups" : [ "Homepage_Desktop_1366x768" ],
    "failed" : true,
    "exceptionMessage" : "WrappedException: Wrapped java.lang.RuntimeException: org.openqa.selenium.WebDriverException: Automate daily limit reached for your plan. (WARNING: The server did not provide any stacktrace information)\nCommand duration or timeout: 758 milliseconds\nBuild info: version: 'unknown', revision: 'unknown', time: 'unknown'\nSystem info: host: 'Nishants-MacBook-Pro.local', ip: '192.168.0.3', os.name: 'Mac OS X', os.arch: 'x86_64', os.version: '10.11.1', java.version: '1.8.0_65'\nDriver info: org.openqa.selenium.remote.RemoteWebDriver (<cmd>#54)",
    "exceptionStacktrace" : "org.mozilla.javascript.WrappedException: Wrapped java.lang.RuntimeException: org.openqa.selenium.WebDriverException: Automate daily limit reached for your plan. (WARNING: The server did not provide any stacktrace information)\nCommand duration or timeout: 758 milliseconds\nBuild info: version: 'unknown', revision: 'unknown', time: 'unknown'\nSystem info: host: 'Nishants-MacBook-Pro.local', ip: '192.168.0.3', os.name: 'Mac OS X', os.arch: 'x86_64', os.version: '10.11.1', java.version: '1.8.0_65'\nDriver info: org.openqa.selenium.remote.RemoteWebDriver (<cmd>#54)\n\tat org.mozilla.javascript.Context.throwAsScriptRuntimeEx(Context.java:1754)\n\tat org.mozilla.javascript.MemberBox.invoke(MemberBox.java:148)\n\tat org.mozilla.javascript.NativeJavaMethod.call(NativeJavaMethod.java:225)\n\tat org.mozilla.javascript.optimizer.OptRuntime.callN(OptRuntime.java:52)\n\tat org.mozilla.javascript.gen._cmd__18._c_createGridDriver_4(<cmd>:54)\n\tat org.mozilla.javascript.gen._cmd__18.call(<cmd>)\n\tat org.mozilla.javascript.optimizer.OptRuntime.callName(OptRuntime.java:63)\n\tat org.mozilla.javascript.gen._Users_nishantkumar_Documents_galenv2_gcss_homepage_test_page_test_js_20._c_anonymous_5(/Users/nishantkumar/Documents/galenv2/gcss/homepage/test/page.test.js:89)\n\tat org.mozilla.javascript.gen._Users_nishantkumar_Documents_galenv2_gcss_homepage_test_page_test_js_20.call(/Users/nishantkumar/Documents/galenv2/gcss/homepage/test/page.test.js)\n\tat org.mozilla.javascript.ScriptRuntime.applyOrCall(ScriptRuntime.java:2429)\n\tat org.mozilla.javascript.BaseFunction.execIdCall(BaseFunction.java:269)\n\tat org.mozilla.javascript.IdFunctionObject.call(IdFunctionObject.java:97)\n\tat org.mozilla.javascript.optimizer.OptRuntime.call1(OptRuntime.java:32)\n\tat org.mozilla.javascript.gen._cmd__17._c_invokeFunc_2(<cmd>:31)\n\tat org.mozilla.javascript.gen._cmd__17.call(<cmd>)\n\tat org.mozilla.javascript.optimizer.OptRuntime.callName(OptRuntime.java:63)\n\tat org.mozilla.javascript.gen._cmd__17._c_anonymous_22(<cmd>:280)\n\tat org.mozilla.javascript.gen._cmd__17.call(<cmd>)\n\tat org.mozilla.javascript.ContextFactory.doTopCall(ContextFactory.java:394)\n\tat org.mozilla.javascript.ScriptRuntime.doTopCall(ScriptRuntime.java:3090)\n\tat org.mozilla.javascript.gen._cmd__17.call(<cmd>)\n\tat org.mozilla.javascript.JavaAdapter.doCall(JavaAdapter.java:606)\n\tat org.mozilla.javascript.JavaAdapter.access$000(JavaAdapter.java:15)\n\tat org.mozilla.javascript.JavaAdapter$1.run(JavaAdapter.java:586)\n\tat org.mozilla.javascript.Context.call(Context.java:489)\n\tat org.mozilla.javascript.ContextFactory.call(ContextFactory.java:504)\n\tat org.mozilla.javascript.JavaAdapter.callMethod(JavaAdapter.java:583)\n\tat adapter1.execute(<adapter>)\n\tat com.galenframework.TestRunnable.runTest(TestRunnable.java:75)\n\tat com.galenframework.TestRunnable.run(TestRunnable.java:101)\n\tat java.util.concurrent.ThreadPoolExecutor.runWorker(ThreadPoolExecutor.java:1142)\n\tat java.util.concurrent.ThreadPoolExecutor$Worker.run(ThreadPoolExecutor.java:617)\n\tat java.lang.Thread.run(Thread.java:745)\nCaused by: java.lang.RuntimeException: org.openqa.selenium.WebDriverException: Automate daily limit reached for your plan. (WARNING: The server did not provide any stacktrace information)\nCommand duration or timeout: 758 milliseconds\nBuild info: version: 'unknown', revision: 'unknown', time: 'unknown'\nSystem info: host: 'Nishants-MacBook-Pro.local', ip: '192.168.0.3', os.name: 'Mac OS X', os.arch: 'x86_64', os.version: '10.11.1', java.version: '1.8.0_65'\nDriver info: org.openqa.selenium.remote.RemoteWebDriver\n\tat com.galenframework.browser.SeleniumGridBrowserFactory.openBrowser(SeleniumGridBrowserFactory.java:70)\n\tat com.galenframework.utils.GalenUtils.createGridDriver(GalenUtils.java:286)\n\tat sun.reflect.NativeMethodAccessorImpl.invoke0(Native Method)\n\tat sun.reflect.NativeMethodAccessorImpl.invoke(NativeMethodAccessorImpl.java:62)\n\tat sun.reflect.DelegatingMethodAccessorImpl.invoke(DelegatingMethodAccessorImpl.java:43)\n\tat java.lang.reflect.Method.invoke(Method.java:497)\n\tat org.mozilla.javascript.MemberBox.invoke(MemberBox.java:126)\n\t... 31 more\nCaused by: org.openqa.selenium.WebDriverException: Automate daily limit reached for your plan. (WARNING: The server did not provide any stacktrace information)\nCommand duration or timeout: 758 milliseconds\nBuild info: version: 'unknown', revision: 'unknown', time: 'unknown'\nSystem info: host: 'Nishants-MacBook-Pro.local', ip: '192.168.0.3', os.name: 'Mac OS X', os.arch: 'x86_64', os.version: '10.11.1', java.version: '1.8.0_65'\nDriver info: org.openqa.selenium.remote.RemoteWebDriver\n\tat sun.reflect.NativeConstructorAccessorImpl.newInstance0(Native Method)\n\tat sun.reflect.NativeConstructorAccessorImpl.newInstance(NativeConstructorAccessorImpl.java:62)\n\tat sun.reflect.DelegatingConstructorAccessorImpl.newInstance(DelegatingConstructorAccessorImpl.java:45)\n\tat java.lang.reflect.Constructor.newInstance(Constructor.java:422)\n\tat org.openqa.selenium.remote.ErrorHandler.createThrowable(ErrorHandler.java:206)\n\tat org.openqa.selenium.remote.ErrorHandler.throwIfResponseFailed(ErrorHandler.java:158)\n\tat org.openqa.selenium.remote.RemoteWebDriver.execute(RemoteWebDriver.java:595)\n\tat org.openqa.selenium.remote.RemoteWebDriver.startSession(RemoteWebDriver.java:242)\n\tat org.openqa.selenium.remote.RemoteWebDriver.<init>(RemoteWebDriver.java:128)\n\tat org.openqa.selenium.remote.RemoteWebDriver.<init>(RemoteWebDriver.java:155)\n\tat com.galenframework.browser.SeleniumGridBrowserFactory.openBrowser(SeleniumGridBrowserFactory.java:65)\n\t... 37 more\n",
    "duration" : 763
  }, {
    "name" : "Homepage_Windows8.1_Chrome_42_1366x768",
    "startedAt" : 1449141796527,
    "endedAt" : 1449141797860,
    "failed" : true,
    "statistic" : {
      "passed" : 0,
      "errors" : 1,
      "warnings" : 0,
      "total" : 1
    },
    "testId" : "5-homepage-windows8.1-chrome-42-1366x768",
    "groups" : [ "Homepage_Desktop_1366x768" ],
    "failed" : true,
    "exceptionMessage" : "WrappedException: Wrapped java.lang.RuntimeException: org.openqa.selenium.WebDriverException: Automate daily limit reached for your plan. (WARNING: The server did not provide any stacktrace information)\nCommand duration or timeout: 1.33 seconds\nBuild info: version: 'unknown', revision: 'unknown', time: 'unknown'\nSystem info: host: 'Nishants-MacBook-Pro.local', ip: '192.168.0.3', os.name: 'Mac OS X', os.arch: 'x86_64', os.version: '10.11.1', java.version: '1.8.0_65'\nDriver info: org.openqa.selenium.remote.RemoteWebDriver (<cmd>#54)",
    "exceptionStacktrace" : "org.mozilla.javascript.WrappedException: Wrapped java.lang.RuntimeException: org.openqa.selenium.WebDriverException: Automate daily limit reached for your plan. (WARNING: The server did not provide any stacktrace information)\nCommand duration or timeout: 1.33 seconds\nBuild info: version: 'unknown', revision: 'unknown', time: 'unknown'\nSystem info: host: 'Nishants-MacBook-Pro.local', ip: '192.168.0.3', os.name: 'Mac OS X', os.arch: 'x86_64', os.version: '10.11.1', java.version: '1.8.0_65'\nDriver info: org.openqa.selenium.remote.RemoteWebDriver (<cmd>#54)\n\tat org.mozilla.javascript.Context.throwAsScriptRuntimeEx(Context.java:1754)\n\tat org.mozilla.javascript.MemberBox.invoke(MemberBox.java:148)\n\tat org.mozilla.javascript.NativeJavaMethod.call(NativeJavaMethod.java:225)\n\tat org.mozilla.javascript.optimizer.OptRuntime.callN(OptRuntime.java:52)\n\tat org.mozilla.javascript.gen._cmd__18._c_createGridDriver_4(<cmd>:54)\n\tat org.mozilla.javascript.gen._cmd__18.call(<cmd>)\n\tat org.mozilla.javascript.optimizer.OptRuntime.callName(OptRuntime.java:63)\n\tat org.mozilla.javascript.gen._Users_nishantkumar_Documents_galenv2_gcss_homepage_test_page_test_js_20._c_anonymous_6(/Users/nishantkumar/Documents/galenv2/gcss/homepage/test/page.test.js:111)\n\tat org.mozilla.javascript.gen._Users_nishantkumar_Documents_galenv2_gcss_homepage_test_page_test_js_20.call(/Users/nishantkumar/Documents/galenv2/gcss/homepage/test/page.test.js)\n\tat org.mozilla.javascript.ScriptRuntime.applyOrCall(ScriptRuntime.java:2429)\n\tat org.mozilla.javascript.BaseFunction.execIdCall(BaseFunction.java:269)\n\tat org.mozilla.javascript.IdFunctionObject.call(IdFunctionObject.java:97)\n\tat org.mozilla.javascript.optimizer.OptRuntime.call1(OptRuntime.java:32)\n\tat org.mozilla.javascript.gen._cmd__17._c_invokeFunc_2(<cmd>:31)\n\tat org.mozilla.javascript.gen._cmd__17.call(<cmd>)\n\tat org.mozilla.javascript.optimizer.OptRuntime.callName(OptRuntime.java:63)\n\tat org.mozilla.javascript.gen._cmd__17._c_anonymous_22(<cmd>:280)\n\tat org.mozilla.javascript.gen._cmd__17.call(<cmd>)\n\tat org.mozilla.javascript.ContextFactory.doTopCall(ContextFactory.java:394)\n\tat org.mozilla.javascript.ScriptRuntime.doTopCall(ScriptRuntime.java:3090)\n\tat org.mozilla.javascript.gen._cmd__17.call(<cmd>)\n\tat org.mozilla.javascript.JavaAdapter.doCall(JavaAdapter.java:606)\n\tat org.mozilla.javascript.JavaAdapter.access$000(JavaAdapter.java:15)\n\tat org.mozilla.javascript.JavaAdapter$1.run(JavaAdapter.java:586)\n\tat org.mozilla.javascript.Context.call(Context.java:489)\n\tat org.mozilla.javascript.ContextFactory.call(ContextFactory.java:504)\n\tat org.mozilla.javascript.JavaAdapter.callMethod(JavaAdapter.java:583)\n\tat adapter1.execute(<adapter>)\n\tat com.galenframework.TestRunnable.runTest(TestRunnable.java:75)\n\tat com.galenframework.TestRunnable.run(TestRunnable.java:101)\n\tat java.util.concurrent.ThreadPoolExecutor.runWorker(ThreadPoolExecutor.java:1142)\n\tat java.util.concurrent.ThreadPoolExecutor$Worker.run(ThreadPoolExecutor.java:617)\n\tat java.lang.Thread.run(Thread.java:745)\nCaused by: java.lang.RuntimeException: org.openqa.selenium.WebDriverException: Automate daily limit reached for your plan. (WARNING: The server did not provide any stacktrace information)\nCommand duration or timeout: 1.33 seconds\nBuild info: version: 'unknown', revision: 'unknown', time: 'unknown'\nSystem info: host: 'Nishants-MacBook-Pro.local', ip: '192.168.0.3', os.name: 'Mac OS X', os.arch: 'x86_64', os.version: '10.11.1', java.version: '1.8.0_65'\nDriver info: org.openqa.selenium.remote.RemoteWebDriver\n\tat com.galenframework.browser.SeleniumGridBrowserFactory.openBrowser(SeleniumGridBrowserFactory.java:70)\n\tat com.galenframework.utils.GalenUtils.createGridDriver(GalenUtils.java:286)\n\tat sun.reflect.NativeMethodAccessorImpl.invoke0(Native Method)\n\tat sun.reflect.NativeMethodAccessorImpl.invoke(NativeMethodAccessorImpl.java:62)\n\tat sun.reflect.DelegatingMethodAccessorImpl.invoke(DelegatingMethodAccessorImpl.java:43)\n\tat java.lang.reflect.Method.invoke(Method.java:497)\n\tat org.mozilla.javascript.MemberBox.invoke(MemberBox.java:126)\n\t... 31 more\nCaused by: org.openqa.selenium.WebDriverException: Automate daily limit reached for your plan. (WARNING: The server did not provide any stacktrace information)\nCommand duration or timeout: 1.33 seconds\nBuild info: version: 'unknown', revision: 'unknown', time: 'unknown'\nSystem info: host: 'Nishants-MacBook-Pro.local', ip: '192.168.0.3', os.name: 'Mac OS X', os.arch: 'x86_64', os.version: '10.11.1', java.version: '1.8.0_65'\nDriver info: org.openqa.selenium.remote.RemoteWebDriver\n\tat sun.reflect.NativeConstructorAccessorImpl.newInstance0(Native Method)\n\tat sun.reflect.NativeConstructorAccessorImpl.newInstance(NativeConstructorAccessorImpl.java:62)\n\tat sun.reflect.DelegatingConstructorAccessorImpl.newInstance(DelegatingConstructorAccessorImpl.java:45)\n\tat java.lang.reflect.Constructor.newInstance(Constructor.java:422)\n\tat org.openqa.selenium.remote.ErrorHandler.createThrowable(ErrorHandler.java:206)\n\tat org.openqa.selenium.remote.ErrorHandler.throwIfResponseFailed(ErrorHandler.java:158)\n\tat org.openqa.selenium.remote.RemoteWebDriver.execute(RemoteWebDriver.java:595)\n\tat org.openqa.selenium.remote.RemoteWebDriver.startSession(RemoteWebDriver.java:242)\n\tat org.openqa.selenium.remote.RemoteWebDriver.<init>(RemoteWebDriver.java:128)\n\tat org.openqa.selenium.remote.RemoteWebDriver.<init>(RemoteWebDriver.java:155)\n\tat com.galenframework.browser.SeleniumGridBrowserFactory.openBrowser(SeleniumGridBrowserFactory.java:65)\n\t... 37 more\n",
    "duration" : 1333
  }, {
    "name" : "Homepage_Windows8.1_Firefox_37_1366x768",
    "startedAt" : 1449141797860,
    "endedAt" : 1449141798640,
    "failed" : true,
    "statistic" : {
      "passed" : 0,
      "errors" : 1,
      "warnings" : 0,
      "total" : 1
    },
    "testId" : "6-homepage-windows8.1-firefox-37-1366x768",
    "groups" : [ "Homepage_Desktop_1366x768" ],
    "failed" : true,
    "exceptionMessage" : "WrappedException: Wrapped java.lang.RuntimeException: org.openqa.selenium.WebDriverException: Automate daily limit reached for your plan. (WARNING: The server did not provide any stacktrace information)\nCommand duration or timeout: 775 milliseconds\nBuild info: version: 'unknown', revision: 'unknown', time: 'unknown'\nSystem info: host: 'Nishants-MacBook-Pro.local', ip: '192.168.0.3', os.name: 'Mac OS X', os.arch: 'x86_64', os.version: '10.11.1', java.version: '1.8.0_65'\nDriver info: org.openqa.selenium.remote.RemoteWebDriver (<cmd>#54)",
    "exceptionStacktrace" : "org.mozilla.javascript.WrappedException: Wrapped java.lang.RuntimeException: org.openqa.selenium.WebDriverException: Automate daily limit reached for your plan. (WARNING: The server did not provide any stacktrace information)\nCommand duration or timeout: 775 milliseconds\nBuild info: version: 'unknown', revision: 'unknown', time: 'unknown'\nSystem info: host: 'Nishants-MacBook-Pro.local', ip: '192.168.0.3', os.name: 'Mac OS X', os.arch: 'x86_64', os.version: '10.11.1', java.version: '1.8.0_65'\nDriver info: org.openqa.selenium.remote.RemoteWebDriver (<cmd>#54)\n\tat org.mozilla.javascript.Context.throwAsScriptRuntimeEx(Context.java:1754)\n\tat org.mozilla.javascript.MemberBox.invoke(MemberBox.java:148)\n\tat org.mozilla.javascript.NativeJavaMethod.call(NativeJavaMethod.java:225)\n\tat org.mozilla.javascript.optimizer.OptRuntime.callN(OptRuntime.java:52)\n\tat org.mozilla.javascript.gen._cmd__18._c_createGridDriver_4(<cmd>:54)\n\tat org.mozilla.javascript.gen._cmd__18.call(<cmd>)\n\tat org.mozilla.javascript.optimizer.OptRuntime.callName(OptRuntime.java:63)\n\tat org.mozilla.javascript.gen._Users_nishantkumar_Documents_galenv2_gcss_homepage_test_page_test_js_20._c_anonymous_7(/Users/nishantkumar/Documents/galenv2/gcss/homepage/test/page.test.js:133)\n\tat org.mozilla.javascript.gen._Users_nishantkumar_Documents_galenv2_gcss_homepage_test_page_test_js_20.call(/Users/nishantkumar/Documents/galenv2/gcss/homepage/test/page.test.js)\n\tat org.mozilla.javascript.ScriptRuntime.applyOrCall(ScriptRuntime.java:2429)\n\tat org.mozilla.javascript.BaseFunction.execIdCall(BaseFunction.java:269)\n\tat org.mozilla.javascript.IdFunctionObject.call(IdFunctionObject.java:97)\n\tat org.mozilla.javascript.optimizer.OptRuntime.call1(OptRuntime.java:32)\n\tat org.mozilla.javascript.gen._cmd__17._c_invokeFunc_2(<cmd>:31)\n\tat org.mozilla.javascript.gen._cmd__17.call(<cmd>)\n\tat org.mozilla.javascript.optimizer.OptRuntime.callName(OptRuntime.java:63)\n\tat org.mozilla.javascript.gen._cmd__17._c_anonymous_22(<cmd>:280)\n\tat org.mozilla.javascript.gen._cmd__17.call(<cmd>)\n\tat org.mozilla.javascript.ContextFactory.doTopCall(ContextFactory.java:394)\n\tat org.mozilla.javascript.ScriptRuntime.doTopCall(ScriptRuntime.java:3090)\n\tat org.mozilla.javascript.gen._cmd__17.call(<cmd>)\n\tat org.mozilla.javascript.JavaAdapter.doCall(JavaAdapter.java:606)\n\tat org.mozilla.javascript.JavaAdapter.access$000(JavaAdapter.java:15)\n\tat org.mozilla.javascript.JavaAdapter$1.run(JavaAdapter.java:586)\n\tat org.mozilla.javascript.Context.call(Context.java:489)\n\tat org.mozilla.javascript.ContextFactory.call(ContextFactory.java:504)\n\tat org.mozilla.javascript.JavaAdapter.callMethod(JavaAdapter.java:583)\n\tat adapter1.execute(<adapter>)\n\tat com.galenframework.TestRunnable.runTest(TestRunnable.java:75)\n\tat com.galenframework.TestRunnable.run(TestRunnable.java:101)\n\tat java.util.concurrent.ThreadPoolExecutor.runWorker(ThreadPoolExecutor.java:1142)\n\tat java.util.concurrent.ThreadPoolExecutor$Worker.run(ThreadPoolExecutor.java:617)\n\tat java.lang.Thread.run(Thread.java:745)\nCaused by: java.lang.RuntimeException: org.openqa.selenium.WebDriverException: Automate daily limit reached for your plan. (WARNING: The server did not provide any stacktrace information)\nCommand duration or timeout: 775 milliseconds\nBuild info: version: 'unknown', revision: 'unknown', time: 'unknown'\nSystem info: host: 'Nishants-MacBook-Pro.local', ip: '192.168.0.3', os.name: 'Mac OS X', os.arch: 'x86_64', os.version: '10.11.1', java.version: '1.8.0_65'\nDriver info: org.openqa.selenium.remote.RemoteWebDriver\n\tat com.galenframework.browser.SeleniumGridBrowserFactory.openBrowser(SeleniumGridBrowserFactory.java:70)\n\tat com.galenframework.utils.GalenUtils.createGridDriver(GalenUtils.java:286)\n\tat sun.reflect.NativeMethodAccessorImpl.invoke0(Native Method)\n\tat sun.reflect.NativeMethodAccessorImpl.invoke(NativeMethodAccessorImpl.java:62)\n\tat sun.reflect.DelegatingMethodAccessorImpl.invoke(DelegatingMethodAccessorImpl.java:43)\n\tat java.lang.reflect.Method.invoke(Method.java:497)\n\tat org.mozilla.javascript.MemberBox.invoke(MemberBox.java:126)\n\t... 31 more\nCaused by: org.openqa.selenium.WebDriverException: Automate daily limit reached for your plan. (WARNING: The server did not provide any stacktrace information)\nCommand duration or timeout: 775 milliseconds\nBuild info: version: 'unknown', revision: 'unknown', time: 'unknown'\nSystem info: host: 'Nishants-MacBook-Pro.local', ip: '192.168.0.3', os.name: 'Mac OS X', os.arch: 'x86_64', os.version: '10.11.1', java.version: '1.8.0_65'\nDriver info: org.openqa.selenium.remote.RemoteWebDriver\n\tat sun.reflect.NativeConstructorAccessorImpl.newInstance0(Native Method)\n\tat sun.reflect.NativeConstructorAccessorImpl.newInstance(NativeConstructorAccessorImpl.java:62)\n\tat sun.reflect.DelegatingConstructorAccessorImpl.newInstance(DelegatingConstructorAccessorImpl.java:45)\n\tat java.lang.reflect.Constructor.newInstance(Constructor.java:422)\n\tat org.openqa.selenium.remote.ErrorHandler.createThrowable(ErrorHandler.java:206)\n\tat org.openqa.selenium.remote.ErrorHandler.throwIfResponseFailed(ErrorHandler.java:158)\n\tat org.openqa.selenium.remote.RemoteWebDriver.execute(RemoteWebDriver.java:595)\n\tat org.openqa.selenium.remote.RemoteWebDriver.startSession(RemoteWebDriver.java:242)\n\tat org.openqa.selenium.remote.RemoteWebDriver.<init>(RemoteWebDriver.java:128)\n\tat org.openqa.selenium.remote.RemoteWebDriver.<init>(RemoteWebDriver.java:155)\n\tat com.galenframework.browser.SeleniumGridBrowserFactory.openBrowser(SeleniumGridBrowserFactory.java:65)\n\t... 37 more\n",
    "duration" : 780
  }, {
    "name" : "Homepage_Windows7_IE_11_1366x768",
    "startedAt" : 1449141798640,
    "endedAt" : 1449141799411,
    "failed" : true,
    "statistic" : {
      "passed" : 0,
      "errors" : 1,
      "warnings" : 0,
      "total" : 1
    },
    "testId" : "7-homepage-windows7-ie-11-1366x768",
    "groups" : [ "Homepage_Desktop_1366x768" ],
    "failed" : true,
    "exceptionMessage" : "WrappedException: Wrapped java.lang.RuntimeException: org.openqa.selenium.WebDriverException: Automate daily limit reached for your plan. (WARNING: The server did not provide any stacktrace information)\nCommand duration or timeout: 767 milliseconds\nBuild info: version: 'unknown', revision: 'unknown', time: 'unknown'\nSystem info: host: 'Nishants-MacBook-Pro.local', ip: '192.168.0.3', os.name: 'Mac OS X', os.arch: 'x86_64', os.version: '10.11.1', java.version: '1.8.0_65'\nDriver info: org.openqa.selenium.remote.RemoteWebDriver (<cmd>#54)",
    "exceptionStacktrace" : "org.mozilla.javascript.WrappedException: Wrapped java.lang.RuntimeException: org.openqa.selenium.WebDriverException: Automate daily limit reached for your plan. (WARNING: The server did not provide any stacktrace information)\nCommand duration or timeout: 767 milliseconds\nBuild info: version: 'unknown', revision: 'unknown', time: 'unknown'\nSystem info: host: 'Nishants-MacBook-Pro.local', ip: '192.168.0.3', os.name: 'Mac OS X', os.arch: 'x86_64', os.version: '10.11.1', java.version: '1.8.0_65'\nDriver info: org.openqa.selenium.remote.RemoteWebDriver (<cmd>#54)\n\tat org.mozilla.javascript.Context.throwAsScriptRuntimeEx(Context.java:1754)\n\tat org.mozilla.javascript.MemberBox.invoke(MemberBox.java:148)\n\tat org.mozilla.javascript.NativeJavaMethod.call(NativeJavaMethod.java:225)\n\tat org.mozilla.javascript.optimizer.OptRuntime.callN(OptRuntime.java:52)\n\tat org.mozilla.javascript.gen._cmd__18._c_createGridDriver_4(<cmd>:54)\n\tat org.mozilla.javascript.gen._cmd__18.call(<cmd>)\n\tat org.mozilla.javascript.optimizer.OptRuntime.callName(OptRuntime.java:63)\n\tat org.mozilla.javascript.gen._Users_nishantkumar_Documents_galenv2_gcss_homepage_test_page_test_js_20._c_anonymous_8(/Users/nishantkumar/Documents/galenv2/gcss/homepage/test/page.test.js:155)\n\tat org.mozilla.javascript.gen._Users_nishantkumar_Documents_galenv2_gcss_homepage_test_page_test_js_20.call(/Users/nishantkumar/Documents/galenv2/gcss/homepage/test/page.test.js)\n\tat org.mozilla.javascript.ScriptRuntime.applyOrCall(ScriptRuntime.java:2429)\n\tat org.mozilla.javascript.BaseFunction.execIdCall(BaseFunction.java:269)\n\tat org.mozilla.javascript.IdFunctionObject.call(IdFunctionObject.java:97)\n\tat org.mozilla.javascript.optimizer.OptRuntime.call1(OptRuntime.java:32)\n\tat org.mozilla.javascript.gen._cmd__17._c_invokeFunc_2(<cmd>:31)\n\tat org.mozilla.javascript.gen._cmd__17.call(<cmd>)\n\tat org.mozilla.javascript.optimizer.OptRuntime.callName(OptRuntime.java:63)\n\tat org.mozilla.javascript.gen._cmd__17._c_anonymous_22(<cmd>:280)\n\tat org.mozilla.javascript.gen._cmd__17.call(<cmd>)\n\tat org.mozilla.javascript.ContextFactory.doTopCall(ContextFactory.java:394)\n\tat org.mozilla.javascript.ScriptRuntime.doTopCall(ScriptRuntime.java:3090)\n\tat org.mozilla.javascript.gen._cmd__17.call(<cmd>)\n\tat org.mozilla.javascript.JavaAdapter.doCall(JavaAdapter.java:606)\n\tat org.mozilla.javascript.JavaAdapter.access$000(JavaAdapter.java:15)\n\tat org.mozilla.javascript.JavaAdapter$1.run(JavaAdapter.java:586)\n\tat org.mozilla.javascript.Context.call(Context.java:489)\n\tat org.mozilla.javascript.ContextFactory.call(ContextFactory.java:504)\n\tat org.mozilla.javascript.JavaAdapter.callMethod(JavaAdapter.java:583)\n\tat adapter1.execute(<adapter>)\n\tat com.galenframework.TestRunnable.runTest(TestRunnable.java:75)\n\tat com.galenframework.TestRunnable.run(TestRunnable.java:101)\n\tat java.util.concurrent.ThreadPoolExecutor.runWorker(ThreadPoolExecutor.java:1142)\n\tat java.util.concurrent.ThreadPoolExecutor$Worker.run(ThreadPoolExecutor.java:617)\n\tat java.lang.Thread.run(Thread.java:745)\nCaused by: java.lang.RuntimeException: org.openqa.selenium.WebDriverException: Automate daily limit reached for your plan. (WARNING: The server did not provide any stacktrace information)\nCommand duration or timeout: 767 milliseconds\nBuild info: version: 'unknown', revision: 'unknown', time: 'unknown'\nSystem info: host: 'Nishants-MacBook-Pro.local', ip: '192.168.0.3', os.name: 'Mac OS X', os.arch: 'x86_64', os.version: '10.11.1', java.version: '1.8.0_65'\nDriver info: org.openqa.selenium.remote.RemoteWebDriver\n\tat com.galenframework.browser.SeleniumGridBrowserFactory.openBrowser(SeleniumGridBrowserFactory.java:70)\n\tat com.galenframework.utils.GalenUtils.createGridDriver(GalenUtils.java:286)\n\tat sun.reflect.NativeMethodAccessorImpl.invoke0(Native Method)\n\tat sun.reflect.NativeMethodAccessorImpl.invoke(NativeMethodAccessorImpl.java:62)\n\tat sun.reflect.DelegatingMethodAccessorImpl.invoke(DelegatingMethodAccessorImpl.java:43)\n\tat java.lang.reflect.Method.invoke(Method.java:497)\n\tat org.mozilla.javascript.MemberBox.invoke(MemberBox.java:126)\n\t... 31 more\nCaused by: org.openqa.selenium.WebDriverException: Automate daily limit reached for your plan. (WARNING: The server did not provide any stacktrace information)\nCommand duration or timeout: 767 milliseconds\nBuild info: version: 'unknown', revision: 'unknown', time: 'unknown'\nSystem info: host: 'Nishants-MacBook-Pro.local', ip: '192.168.0.3', os.name: 'Mac OS X', os.arch: 'x86_64', os.version: '10.11.1', java.version: '1.8.0_65'\nDriver info: org.openqa.selenium.remote.RemoteWebDriver\n\tat sun.reflect.NativeConstructorAccessorImpl.newInstance0(Native Method)\n\tat sun.reflect.NativeConstructorAccessorImpl.newInstance(NativeConstructorAccessorImpl.java:62)\n\tat sun.reflect.DelegatingConstructorAccessorImpl.newInstance(DelegatingConstructorAccessorImpl.java:45)\n\tat java.lang.reflect.Constructor.newInstance(Constructor.java:422)\n\tat org.openqa.selenium.remote.ErrorHandler.createThrowable(ErrorHandler.java:206)\n\tat org.openqa.selenium.remote.ErrorHandler.throwIfResponseFailed(ErrorHandler.java:158)\n\tat org.openqa.selenium.remote.RemoteWebDriver.execute(RemoteWebDriver.java:595)\n\tat org.openqa.selenium.remote.RemoteWebDriver.startSession(RemoteWebDriver.java:242)\n\tat org.openqa.selenium.remote.RemoteWebDriver.<init>(RemoteWebDriver.java:128)\n\tat org.openqa.selenium.remote.RemoteWebDriver.<init>(RemoteWebDriver.java:155)\n\tat com.galenframework.browser.SeleniumGridBrowserFactory.openBrowser(SeleniumGridBrowserFactory.java:65)\n\t... 37 more\n",
    "duration" : 771
  }, {
    "name" : "Homepage_Windows7_IE_10_1366x768",
    "startedAt" : 1449141799411,
    "endedAt" : 1449141800144,
    "failed" : true,
    "statistic" : {
      "passed" : 0,
      "errors" : 1,
      "warnings" : 0,
      "total" : 1
    },
    "testId" : "8-homepage-windows7-ie-10-1366x768",
    "groups" : [ "Homepage_Desktop_1366x768" ],
    "failed" : true,
    "exceptionMessage" : "WrappedException: Wrapped java.lang.RuntimeException: org.openqa.selenium.WebDriverException: Automate daily limit reached for your plan. (WARNING: The server did not provide any stacktrace information)\nCommand duration or timeout: 728 milliseconds\nBuild info: version: 'unknown', revision: 'unknown', time: 'unknown'\nSystem info: host: 'Nishants-MacBook-Pro.local', ip: '192.168.0.3', os.name: 'Mac OS X', os.arch: 'x86_64', os.version: '10.11.1', java.version: '1.8.0_65'\nDriver info: org.openqa.selenium.remote.RemoteWebDriver (<cmd>#54)",
    "exceptionStacktrace" : "org.mozilla.javascript.WrappedException: Wrapped java.lang.RuntimeException: org.openqa.selenium.WebDriverException: Automate daily limit reached for your plan. (WARNING: The server did not provide any stacktrace information)\nCommand duration or timeout: 728 milliseconds\nBuild info: version: 'unknown', revision: 'unknown', time: 'unknown'\nSystem info: host: 'Nishants-MacBook-Pro.local', ip: '192.168.0.3', os.name: 'Mac OS X', os.arch: 'x86_64', os.version: '10.11.1', java.version: '1.8.0_65'\nDriver info: org.openqa.selenium.remote.RemoteWebDriver (<cmd>#54)\n\tat org.mozilla.javascript.Context.throwAsScriptRuntimeEx(Context.java:1754)\n\tat org.mozilla.javascript.MemberBox.invoke(MemberBox.java:148)\n\tat org.mozilla.javascript.NativeJavaMethod.call(NativeJavaMethod.java:225)\n\tat org.mozilla.javascript.optimizer.OptRuntime.callN(OptRuntime.java:52)\n\tat org.mozilla.javascript.gen._cmd__18._c_createGridDriver_4(<cmd>:54)\n\tat org.mozilla.javascript.gen._cmd__18.call(<cmd>)\n\tat org.mozilla.javascript.optimizer.OptRuntime.callName(OptRuntime.java:63)\n\tat org.mozilla.javascript.gen._Users_nishantkumar_Documents_galenv2_gcss_homepage_test_page_test_js_20._c_anonymous_9(/Users/nishantkumar/Documents/galenv2/gcss/homepage/test/page.test.js:177)\n\tat org.mozilla.javascript.gen._Users_nishantkumar_Documents_galenv2_gcss_homepage_test_page_test_js_20.call(/Users/nishantkumar/Documents/galenv2/gcss/homepage/test/page.test.js)\n\tat org.mozilla.javascript.ScriptRuntime.applyOrCall(ScriptRuntime.java:2429)\n\tat org.mozilla.javascript.BaseFunction.execIdCall(BaseFunction.java:269)\n\tat org.mozilla.javascript.IdFunctionObject.call(IdFunctionObject.java:97)\n\tat org.mozilla.javascript.optimizer.OptRuntime.call1(OptRuntime.java:32)\n\tat org.mozilla.javascript.gen._cmd__17._c_invokeFunc_2(<cmd>:31)\n\tat org.mozilla.javascript.gen._cmd__17.call(<cmd>)\n\tat org.mozilla.javascript.optimizer.OptRuntime.callName(OptRuntime.java:63)\n\tat org.mozilla.javascript.gen._cmd__17._c_anonymous_22(<cmd>:280)\n\tat org.mozilla.javascript.gen._cmd__17.call(<cmd>)\n\tat org.mozilla.javascript.ContextFactory.doTopCall(ContextFactory.java:394)\n\tat org.mozilla.javascript.ScriptRuntime.doTopCall(ScriptRuntime.java:3090)\n\tat org.mozilla.javascript.gen._cmd__17.call(<cmd>)\n\tat org.mozilla.javascript.JavaAdapter.doCall(JavaAdapter.java:606)\n\tat org.mozilla.javascript.JavaAdapter.access$000(JavaAdapter.java:15)\n\tat org.mozilla.javascript.JavaAdapter$1.run(JavaAdapter.java:586)\n\tat org.mozilla.javascript.Context.call(Context.java:489)\n\tat org.mozilla.javascript.ContextFactory.call(ContextFactory.java:504)\n\tat org.mozilla.javascript.JavaAdapter.callMethod(JavaAdapter.java:583)\n\tat adapter1.execute(<adapter>)\n\tat com.galenframework.TestRunnable.runTest(TestRunnable.java:75)\n\tat com.galenframework.TestRunnable.run(TestRunnable.java:101)\n\tat java.util.concurrent.ThreadPoolExecutor.runWorker(ThreadPoolExecutor.java:1142)\n\tat java.util.concurrent.ThreadPoolExecutor$Worker.run(ThreadPoolExecutor.java:617)\n\tat java.lang.Thread.run(Thread.java:745)\nCaused by: java.lang.RuntimeException: org.openqa.selenium.WebDriverException: Automate daily limit reached for your plan. (WARNING: The server did not provide any stacktrace information)\nCommand duration or timeout: 728 milliseconds\nBuild info: version: 'unknown', revision: 'unknown', time: 'unknown'\nSystem info: host: 'Nishants-MacBook-Pro.local', ip: '192.168.0.3', os.name: 'Mac OS X', os.arch: 'x86_64', os.version: '10.11.1', java.version: '1.8.0_65'\nDriver info: org.openqa.selenium.remote.RemoteWebDriver\n\tat com.galenframework.browser.SeleniumGridBrowserFactory.openBrowser(SeleniumGridBrowserFactory.java:70)\n\tat com.galenframework.utils.GalenUtils.createGridDriver(GalenUtils.java:286)\n\tat sun.reflect.NativeMethodAccessorImpl.invoke0(Native Method)\n\tat sun.reflect.NativeMethodAccessorImpl.invoke(NativeMethodAccessorImpl.java:62)\n\tat sun.reflect.DelegatingMethodAccessorImpl.invoke(DelegatingMethodAccessorImpl.java:43)\n\tat java.lang.reflect.Method.invoke(Method.java:497)\n\tat org.mozilla.javascript.MemberBox.invoke(MemberBox.java:126)\n\t... 31 more\nCaused by: org.openqa.selenium.WebDriverException: Automate daily limit reached for your plan. (WARNING: The server did not provide any stacktrace information)\nCommand duration or timeout: 728 milliseconds\nBuild info: version: 'unknown', revision: 'unknown', time: 'unknown'\nSystem info: host: 'Nishants-MacBook-Pro.local', ip: '192.168.0.3', os.name: 'Mac OS X', os.arch: 'x86_64', os.version: '10.11.1', java.version: '1.8.0_65'\nDriver info: org.openqa.selenium.remote.RemoteWebDriver\n\tat sun.reflect.NativeConstructorAccessorImpl.newInstance0(Native Method)\n\tat sun.reflect.NativeConstructorAccessorImpl.newInstance(NativeConstructorAccessorImpl.java:62)\n\tat sun.reflect.DelegatingConstructorAccessorImpl.newInstance(DelegatingConstructorAccessorImpl.java:45)\n\tat java.lang.reflect.Constructor.newInstance(Constructor.java:422)\n\tat org.openqa.selenium.remote.ErrorHandler.createThrowable(ErrorHandler.java:206)\n\tat org.openqa.selenium.remote.ErrorHandler.throwIfResponseFailed(ErrorHandler.java:158)\n\tat org.openqa.selenium.remote.RemoteWebDriver.execute(RemoteWebDriver.java:595)\n\tat org.openqa.selenium.remote.RemoteWebDriver.startSession(RemoteWebDriver.java:242)\n\tat org.openqa.selenium.remote.RemoteWebDriver.<init>(RemoteWebDriver.java:128)\n\tat org.openqa.selenium.remote.RemoteWebDriver.<init>(RemoteWebDriver.java:155)\n\tat com.galenframework.browser.SeleniumGridBrowserFactory.openBrowser(SeleniumGridBrowserFactory.java:65)\n\t... 37 more\n",
    "duration" : 733
  }, {
    "name" : "Homepage_Windows7_IE_9_1366x768",
    "startedAt" : 1449141800144,
    "endedAt" : 1449141800937,
    "failed" : true,
    "statistic" : {
      "passed" : 0,
      "errors" : 1,
      "warnings" : 0,
      "total" : 1
    },
    "testId" : "9-homepage-windows7-ie-9-1366x768",
    "groups" : [ "Homepage_Desktop_1366x768" ],
    "failed" : true,
    "exceptionMessage" : "WrappedException: Wrapped java.lang.RuntimeException: org.openqa.selenium.WebDriverException: Automate daily limit reached for your plan. (WARNING: The server did not provide any stacktrace information)\nCommand duration or timeout: 790 milliseconds\nBuild info: version: 'unknown', revision: 'unknown', time: 'unknown'\nSystem info: host: 'Nishants-MacBook-Pro.local', ip: '192.168.0.3', os.name: 'Mac OS X', os.arch: 'x86_64', os.version: '10.11.1', java.version: '1.8.0_65'\nDriver info: org.openqa.selenium.remote.RemoteWebDriver (<cmd>#54)",
    "exceptionStacktrace" : "org.mozilla.javascript.WrappedException: Wrapped java.lang.RuntimeException: org.openqa.selenium.WebDriverException: Automate daily limit reached for your plan. (WARNING: The server did not provide any stacktrace information)\nCommand duration or timeout: 790 milliseconds\nBuild info: version: 'unknown', revision: 'unknown', time: 'unknown'\nSystem info: host: 'Nishants-MacBook-Pro.local', ip: '192.168.0.3', os.name: 'Mac OS X', os.arch: 'x86_64', os.version: '10.11.1', java.version: '1.8.0_65'\nDriver info: org.openqa.selenium.remote.RemoteWebDriver (<cmd>#54)\n\tat org.mozilla.javascript.Context.throwAsScriptRuntimeEx(Context.java:1754)\n\tat org.mozilla.javascript.MemberBox.invoke(MemberBox.java:148)\n\tat org.mozilla.javascript.NativeJavaMethod.call(NativeJavaMethod.java:225)\n\tat org.mozilla.javascript.optimizer.OptRuntime.callN(OptRuntime.java:52)\n\tat org.mozilla.javascript.gen._cmd__18._c_createGridDriver_4(<cmd>:54)\n\tat org.mozilla.javascript.gen._cmd__18.call(<cmd>)\n\tat org.mozilla.javascript.optimizer.OptRuntime.callName(OptRuntime.java:63)\n\tat org.mozilla.javascript.gen._Users_nishantkumar_Documents_galenv2_gcss_homepage_test_page_test_js_20._c_anonymous_10(/Users/nishantkumar/Documents/galenv2/gcss/homepage/test/page.test.js:199)\n\tat org.mozilla.javascript.gen._Users_nishantkumar_Documents_galenv2_gcss_homepage_test_page_test_js_20.call(/Users/nishantkumar/Documents/galenv2/gcss/homepage/test/page.test.js)\n\tat org.mozilla.javascript.ScriptRuntime.applyOrCall(ScriptRuntime.java:2429)\n\tat org.mozilla.javascript.BaseFunction.execIdCall(BaseFunction.java:269)\n\tat org.mozilla.javascript.IdFunctionObject.call(IdFunctionObject.java:97)\n\tat org.mozilla.javascript.optimizer.OptRuntime.call1(OptRuntime.java:32)\n\tat org.mozilla.javascript.gen._cmd__17._c_invokeFunc_2(<cmd>:31)\n\tat org.mozilla.javascript.gen._cmd__17.call(<cmd>)\n\tat org.mozilla.javascript.optimizer.OptRuntime.callName(OptRuntime.java:63)\n\tat org.mozilla.javascript.gen._cmd__17._c_anonymous_22(<cmd>:280)\n\tat org.mozilla.javascript.gen._cmd__17.call(<cmd>)\n\tat org.mozilla.javascript.ContextFactory.doTopCall(ContextFactory.java:394)\n\tat org.mozilla.javascript.ScriptRuntime.doTopCall(ScriptRuntime.java:3090)\n\tat org.mozilla.javascript.gen._cmd__17.call(<cmd>)\n\tat org.mozilla.javascript.JavaAdapter.doCall(JavaAdapter.java:606)\n\tat org.mozilla.javascript.JavaAdapter.access$000(JavaAdapter.java:15)\n\tat org.mozilla.javascript.JavaAdapter$1.run(JavaAdapter.java:586)\n\tat org.mozilla.javascript.Context.call(Context.java:489)\n\tat org.mozilla.javascript.ContextFactory.call(ContextFactory.java:504)\n\tat org.mozilla.javascript.JavaAdapter.callMethod(JavaAdapter.java:583)\n\tat adapter1.execute(<adapter>)\n\tat com.galenframework.TestRunnable.runTest(TestRunnable.java:75)\n\tat com.galenframework.TestRunnable.run(TestRunnable.java:101)\n\tat java.util.concurrent.ThreadPoolExecutor.runWorker(ThreadPoolExecutor.java:1142)\n\tat java.util.concurrent.ThreadPoolExecutor$Worker.run(ThreadPoolExecutor.java:617)\n\tat java.lang.Thread.run(Thread.java:745)\nCaused by: java.lang.RuntimeException: org.openqa.selenium.WebDriverException: Automate daily limit reached for your plan. (WARNING: The server did not provide any stacktrace information)\nCommand duration or timeout: 790 milliseconds\nBuild info: version: 'unknown', revision: 'unknown', time: 'unknown'\nSystem info: host: 'Nishants-MacBook-Pro.local', ip: '192.168.0.3', os.name: 'Mac OS X', os.arch: 'x86_64', os.version: '10.11.1', java.version: '1.8.0_65'\nDriver info: org.openqa.selenium.remote.RemoteWebDriver\n\tat com.galenframework.browser.SeleniumGridBrowserFactory.openBrowser(SeleniumGridBrowserFactory.java:70)\n\tat com.galenframework.utils.GalenUtils.createGridDriver(GalenUtils.java:286)\n\tat sun.reflect.NativeMethodAccessorImpl.invoke0(Native Method)\n\tat sun.reflect.NativeMethodAccessorImpl.invoke(NativeMethodAccessorImpl.java:62)\n\tat sun.reflect.DelegatingMethodAccessorImpl.invoke(DelegatingMethodAccessorImpl.java:43)\n\tat java.lang.reflect.Method.invoke(Method.java:497)\n\tat org.mozilla.javascript.MemberBox.invoke(MemberBox.java:126)\n\t... 31 more\nCaused by: org.openqa.selenium.WebDriverException: Automate daily limit reached for your plan. (WARNING: The server did not provide any stacktrace information)\nCommand duration or timeout: 790 milliseconds\nBuild info: version: 'unknown', revision: 'unknown', time: 'unknown'\nSystem info: host: 'Nishants-MacBook-Pro.local', ip: '192.168.0.3', os.name: 'Mac OS X', os.arch: 'x86_64', os.version: '10.11.1', java.version: '1.8.0_65'\nDriver info: org.openqa.selenium.remote.RemoteWebDriver\n\tat sun.reflect.NativeConstructorAccessorImpl.newInstance0(Native Method)\n\tat sun.reflect.NativeConstructorAccessorImpl.newInstance(NativeConstructorAccessorImpl.java:62)\n\tat sun.reflect.DelegatingConstructorAccessorImpl.newInstance(DelegatingConstructorAccessorImpl.java:45)\n\tat java.lang.reflect.Constructor.newInstance(Constructor.java:422)\n\tat org.openqa.selenium.remote.ErrorHandler.createThrowable(ErrorHandler.java:206)\n\tat org.openqa.selenium.remote.ErrorHandler.throwIfResponseFailed(ErrorHandler.java:158)\n\tat org.openqa.selenium.remote.RemoteWebDriver.execute(RemoteWebDriver.java:595)\n\tat org.openqa.selenium.remote.RemoteWebDriver.startSession(RemoteWebDriver.java:242)\n\tat org.openqa.selenium.remote.RemoteWebDriver.<init>(RemoteWebDriver.java:128)\n\tat org.openqa.selenium.remote.RemoteWebDriver.<init>(RemoteWebDriver.java:155)\n\tat com.galenframework.browser.SeleniumGridBrowserFactory.openBrowser(SeleniumGridBrowserFactory.java:65)\n\t... 37 more\n",
    "duration" : 793
  }, {
    "name" : "Homepage_Windows7_Chrome_42_1366x768",
    "startedAt" : 1449141800938,
    "endedAt" : 1449141801717,
    "failed" : true,
    "statistic" : {
      "passed" : 0,
      "errors" : 1,
      "warnings" : 0,
      "total" : 1
    },
    "testId" : "10-homepage-windows7-chrome-42-1366x768",
    "groups" : [ "Homepage_Desktop_1366x768" ],
    "failed" : true,
    "exceptionMessage" : "WrappedException: Wrapped java.lang.RuntimeException: org.openqa.selenium.WebDriverException: Automate daily limit reached for your plan. (WARNING: The server did not provide any stacktrace information)\nCommand duration or timeout: 775 milliseconds\nBuild info: version: 'unknown', revision: 'unknown', time: 'unknown'\nSystem info: host: 'Nishants-MacBook-Pro.local', ip: '192.168.0.3', os.name: 'Mac OS X', os.arch: 'x86_64', os.version: '10.11.1', java.version: '1.8.0_65'\nDriver info: org.openqa.selenium.remote.RemoteWebDriver (<cmd>#54)",
    "exceptionStacktrace" : "org.mozilla.javascript.WrappedException: Wrapped java.lang.RuntimeException: org.openqa.selenium.WebDriverException: Automate daily limit reached for your plan. (WARNING: The server did not provide any stacktrace information)\nCommand duration or timeout: 775 milliseconds\nBuild info: version: 'unknown', revision: 'unknown', time: 'unknown'\nSystem info: host: 'Nishants-MacBook-Pro.local', ip: '192.168.0.3', os.name: 'Mac OS X', os.arch: 'x86_64', os.version: '10.11.1', java.version: '1.8.0_65'\nDriver info: org.openqa.selenium.remote.RemoteWebDriver (<cmd>#54)\n\tat org.mozilla.javascript.Context.throwAsScriptRuntimeEx(Context.java:1754)\n\tat org.mozilla.javascript.MemberBox.invoke(MemberBox.java:148)\n\tat org.mozilla.javascript.NativeJavaMethod.call(NativeJavaMethod.java:225)\n\tat org.mozilla.javascript.optimizer.OptRuntime.callN(OptRuntime.java:52)\n\tat org.mozilla.javascript.gen._cmd__18._c_createGridDriver_4(<cmd>:54)\n\tat org.mozilla.javascript.gen._cmd__18.call(<cmd>)\n\tat org.mozilla.javascript.optimizer.OptRuntime.callName(OptRuntime.java:63)\n\tat org.mozilla.javascript.gen._Users_nishantkumar_Documents_galenv2_gcss_homepage_test_page_test_js_20._c_anonymous_11(/Users/nishantkumar/Documents/galenv2/gcss/homepage/test/page.test.js:221)\n\tat org.mozilla.javascript.gen._Users_nishantkumar_Documents_galenv2_gcss_homepage_test_page_test_js_20.call(/Users/nishantkumar/Documents/galenv2/gcss/homepage/test/page.test.js)\n\tat org.mozilla.javascript.ScriptRuntime.applyOrCall(ScriptRuntime.java:2429)\n\tat org.mozilla.javascript.BaseFunction.execIdCall(BaseFunction.java:269)\n\tat org.mozilla.javascript.IdFunctionObject.call(IdFunctionObject.java:97)\n\tat org.mozilla.javascript.optimizer.OptRuntime.call1(OptRuntime.java:32)\n\tat org.mozilla.javascript.gen._cmd__17._c_invokeFunc_2(<cmd>:31)\n\tat org.mozilla.javascript.gen._cmd__17.call(<cmd>)\n\tat org.mozilla.javascript.optimizer.OptRuntime.callName(OptRuntime.java:63)\n\tat org.mozilla.javascript.gen._cmd__17._c_anonymous_22(<cmd>:280)\n\tat org.mozilla.javascript.gen._cmd__17.call(<cmd>)\n\tat org.mozilla.javascript.ContextFactory.doTopCall(ContextFactory.java:394)\n\tat org.mozilla.javascript.ScriptRuntime.doTopCall(ScriptRuntime.java:3090)\n\tat org.mozilla.javascript.gen._cmd__17.call(<cmd>)\n\tat org.mozilla.javascript.JavaAdapter.doCall(JavaAdapter.java:606)\n\tat org.mozilla.javascript.JavaAdapter.access$000(JavaAdapter.java:15)\n\tat org.mozilla.javascript.JavaAdapter$1.run(JavaAdapter.java:586)\n\tat org.mozilla.javascript.Context.call(Context.java:489)\n\tat org.mozilla.javascript.ContextFactory.call(ContextFactory.java:504)\n\tat org.mozilla.javascript.JavaAdapter.callMethod(JavaAdapter.java:583)\n\tat adapter1.execute(<adapter>)\n\tat com.galenframework.TestRunnable.runTest(TestRunnable.java:75)\n\tat com.galenframework.TestRunnable.run(TestRunnable.java:101)\n\tat java.util.concurrent.ThreadPoolExecutor.runWorker(ThreadPoolExecutor.java:1142)\n\tat java.util.concurrent.ThreadPoolExecutor$Worker.run(ThreadPoolExecutor.java:617)\n\tat java.lang.Thread.run(Thread.java:745)\nCaused by: java.lang.RuntimeException: org.openqa.selenium.WebDriverException: Automate daily limit reached for your plan. (WARNING: The server did not provide any stacktrace information)\nCommand duration or timeout: 775 milliseconds\nBuild info: version: 'unknown', revision: 'unknown', time: 'unknown'\nSystem info: host: 'Nishants-MacBook-Pro.local', ip: '192.168.0.3', os.name: 'Mac OS X', os.arch: 'x86_64', os.version: '10.11.1', java.version: '1.8.0_65'\nDriver info: org.openqa.selenium.remote.RemoteWebDriver\n\tat com.galenframework.browser.SeleniumGridBrowserFactory.openBrowser(SeleniumGridBrowserFactory.java:70)\n\tat com.galenframework.utils.GalenUtils.createGridDriver(GalenUtils.java:286)\n\tat sun.reflect.NativeMethodAccessorImpl.invoke0(Native Method)\n\tat sun.reflect.NativeMethodAccessorImpl.invoke(NativeMethodAccessorImpl.java:62)\n\tat sun.reflect.DelegatingMethodAccessorImpl.invoke(DelegatingMethodAccessorImpl.java:43)\n\tat java.lang.reflect.Method.invoke(Method.java:497)\n\tat org.mozilla.javascript.MemberBox.invoke(MemberBox.java:126)\n\t... 31 more\nCaused by: org.openqa.selenium.WebDriverException: Automate daily limit reached for your plan. (WARNING: The server did not provide any stacktrace information)\nCommand duration or timeout: 775 milliseconds\nBuild info: version: 'unknown', revision: 'unknown', time: 'unknown'\nSystem info: host: 'Nishants-MacBook-Pro.local', ip: '192.168.0.3', os.name: 'Mac OS X', os.arch: 'x86_64', os.version: '10.11.1', java.version: '1.8.0_65'\nDriver info: org.openqa.selenium.remote.RemoteWebDriver\n\tat sun.reflect.NativeConstructorAccessorImpl.newInstance0(Native Method)\n\tat sun.reflect.NativeConstructorAccessorImpl.newInstance(NativeConstructorAccessorImpl.java:62)\n\tat sun.reflect.DelegatingConstructorAccessorImpl.newInstance(DelegatingConstructorAccessorImpl.java:45)\n\tat java.lang.reflect.Constructor.newInstance(Constructor.java:422)\n\tat org.openqa.selenium.remote.ErrorHandler.createThrowable(ErrorHandler.java:206)\n\tat org.openqa.selenium.remote.ErrorHandler.throwIfResponseFailed(ErrorHandler.java:158)\n\tat org.openqa.selenium.remote.RemoteWebDriver.execute(RemoteWebDriver.java:595)\n\tat org.openqa.selenium.remote.RemoteWebDriver.startSession(RemoteWebDriver.java:242)\n\tat org.openqa.selenium.remote.RemoteWebDriver.<init>(RemoteWebDriver.java:128)\n\tat org.openqa.selenium.remote.RemoteWebDriver.<init>(RemoteWebDriver.java:155)\n\tat com.galenframework.browser.SeleniumGridBrowserFactory.openBrowser(SeleniumGridBrowserFactory.java:65)\n\t... 37 more\n",
    "duration" : 779
  }, {
    "name" : "Homepage_Windows7_Firefox_37_1366x768",
    "startedAt" : 1449141801717,
    "endedAt" : 1449141802492,
    "failed" : true,
    "statistic" : {
      "passed" : 0,
      "errors" : 1,
      "warnings" : 0,
      "total" : 1
    },
    "testId" : "11-homepage-windows7-firefox-37-1366x768",
    "groups" : [ "Homepage_Desktop_1366x768" ],
    "failed" : true,
    "exceptionMessage" : "WrappedException: Wrapped java.lang.RuntimeException: org.openqa.selenium.WebDriverException: Automate daily limit reached for your plan. (WARNING: The server did not provide any stacktrace information)\nCommand duration or timeout: 769 milliseconds\nBuild info: version: 'unknown', revision: 'unknown', time: 'unknown'\nSystem info: host: 'Nishants-MacBook-Pro.local', ip: '192.168.0.3', os.name: 'Mac OS X', os.arch: 'x86_64', os.version: '10.11.1', java.version: '1.8.0_65'\nDriver info: org.openqa.selenium.remote.RemoteWebDriver (<cmd>#54)",
    "exceptionStacktrace" : "org.mozilla.javascript.WrappedException: Wrapped java.lang.RuntimeException: org.openqa.selenium.WebDriverException: Automate daily limit reached for your plan. (WARNING: The server did not provide any stacktrace information)\nCommand duration or timeout: 769 milliseconds\nBuild info: version: 'unknown', revision: 'unknown', time: 'unknown'\nSystem info: host: 'Nishants-MacBook-Pro.local', ip: '192.168.0.3', os.name: 'Mac OS X', os.arch: 'x86_64', os.version: '10.11.1', java.version: '1.8.0_65'\nDriver info: org.openqa.selenium.remote.RemoteWebDriver (<cmd>#54)\n\tat org.mozilla.javascript.Context.throwAsScriptRuntimeEx(Context.java:1754)\n\tat org.mozilla.javascript.MemberBox.invoke(MemberBox.java:148)\n\tat org.mozilla.javascript.NativeJavaMethod.call(NativeJavaMethod.java:225)\n\tat org.mozilla.javascript.optimizer.OptRuntime.callN(OptRuntime.java:52)\n\tat org.mozilla.javascript.gen._cmd__18._c_createGridDriver_4(<cmd>:54)\n\tat org.mozilla.javascript.gen._cmd__18.call(<cmd>)\n\tat org.mozilla.javascript.optimizer.OptRuntime.callName(OptRuntime.java:63)\n\tat org.mozilla.javascript.gen._Users_nishantkumar_Documents_galenv2_gcss_homepage_test_page_test_js_20._c_anonymous_12(/Users/nishantkumar/Documents/galenv2/gcss/homepage/test/page.test.js:243)\n\tat org.mozilla.javascript.gen._Users_nishantkumar_Documents_galenv2_gcss_homepage_test_page_test_js_20.call(/Users/nishantkumar/Documents/galenv2/gcss/homepage/test/page.test.js)\n\tat org.mozilla.javascript.ScriptRuntime.applyOrCall(ScriptRuntime.java:2429)\n\tat org.mozilla.javascript.BaseFunction.execIdCall(BaseFunction.java:269)\n\tat org.mozilla.javascript.IdFunctionObject.call(IdFunctionObject.java:97)\n\tat org.mozilla.javascript.optimizer.OptRuntime.call1(OptRuntime.java:32)\n\tat org.mozilla.javascript.gen._cmd__17._c_invokeFunc_2(<cmd>:31)\n\tat org.mozilla.javascript.gen._cmd__17.call(<cmd>)\n\tat org.mozilla.javascript.optimizer.OptRuntime.callName(OptRuntime.java:63)\n\tat org.mozilla.javascript.gen._cmd__17._c_anonymous_22(<cmd>:280)\n\tat org.mozilla.javascript.gen._cmd__17.call(<cmd>)\n\tat org.mozilla.javascript.ContextFactory.doTopCall(ContextFactory.java:394)\n\tat org.mozilla.javascript.ScriptRuntime.doTopCall(ScriptRuntime.java:3090)\n\tat org.mozilla.javascript.gen._cmd__17.call(<cmd>)\n\tat org.mozilla.javascript.JavaAdapter.doCall(JavaAdapter.java:606)\n\tat org.mozilla.javascript.JavaAdapter.access$000(JavaAdapter.java:15)\n\tat org.mozilla.javascript.JavaAdapter$1.run(JavaAdapter.java:586)\n\tat org.mozilla.javascript.Context.call(Context.java:489)\n\tat org.mozilla.javascript.ContextFactory.call(ContextFactory.java:504)\n\tat org.mozilla.javascript.JavaAdapter.callMethod(JavaAdapter.java:583)\n\tat adapter1.execute(<adapter>)\n\tat com.galenframework.TestRunnable.runTest(TestRunnable.java:75)\n\tat com.galenframework.TestRunnable.run(TestRunnable.java:101)\n\tat java.util.concurrent.ThreadPoolExecutor.runWorker(ThreadPoolExecutor.java:1142)\n\tat java.util.concurrent.ThreadPoolExecutor$Worker.run(ThreadPoolExecutor.java:617)\n\tat java.lang.Thread.run(Thread.java:745)\nCaused by: java.lang.RuntimeException: org.openqa.selenium.WebDriverException: Automate daily limit reached for your plan. (WARNING: The server did not provide any stacktrace information)\nCommand duration or timeout: 769 milliseconds\nBuild info: version: 'unknown', revision: 'unknown', time: 'unknown'\nSystem info: host: 'Nishants-MacBook-Pro.local', ip: '192.168.0.3', os.name: 'Mac OS X', os.arch: 'x86_64', os.version: '10.11.1', java.version: '1.8.0_65'\nDriver info: org.openqa.selenium.remote.RemoteWebDriver\n\tat com.galenframework.browser.SeleniumGridBrowserFactory.openBrowser(SeleniumGridBrowserFactory.java:70)\n\tat com.galenframework.utils.GalenUtils.createGridDriver(GalenUtils.java:286)\n\tat sun.reflect.NativeMethodAccessorImpl.invoke0(Native Method)\n\tat sun.reflect.NativeMethodAccessorImpl.invoke(NativeMethodAccessorImpl.java:62)\n\tat sun.reflect.DelegatingMethodAccessorImpl.invoke(DelegatingMethodAccessorImpl.java:43)\n\tat java.lang.reflect.Method.invoke(Method.java:497)\n\tat org.mozilla.javascript.MemberBox.invoke(MemberBox.java:126)\n\t... 31 more\nCaused by: org.openqa.selenium.WebDriverException: Automate daily limit reached for your plan. (WARNING: The server did not provide any stacktrace information)\nCommand duration or timeout: 769 milliseconds\nBuild info: version: 'unknown', revision: 'unknown', time: 'unknown'\nSystem info: host: 'Nishants-MacBook-Pro.local', ip: '192.168.0.3', os.name: 'Mac OS X', os.arch: 'x86_64', os.version: '10.11.1', java.version: '1.8.0_65'\nDriver info: org.openqa.selenium.remote.RemoteWebDriver\n\tat sun.reflect.NativeConstructorAccessorImpl.newInstance0(Native Method)\n\tat sun.reflect.NativeConstructorAccessorImpl.newInstance(NativeConstructorAccessorImpl.java:62)\n\tat sun.reflect.DelegatingConstructorAccessorImpl.newInstance(DelegatingConstructorAccessorImpl.java:45)\n\tat java.lang.reflect.Constructor.newInstance(Constructor.java:422)\n\tat org.openqa.selenium.remote.ErrorHandler.createThrowable(ErrorHandler.java:206)\n\tat org.openqa.selenium.remote.ErrorHandler.throwIfResponseFailed(ErrorHandler.java:158)\n\tat org.openqa.selenium.remote.RemoteWebDriver.execute(RemoteWebDriver.java:595)\n\tat org.openqa.selenium.remote.RemoteWebDriver.startSession(RemoteWebDriver.java:242)\n\tat org.openqa.selenium.remote.RemoteWebDriver.<init>(RemoteWebDriver.java:128)\n\tat org.openqa.selenium.remote.RemoteWebDriver.<init>(RemoteWebDriver.java:155)\n\tat com.galenframework.browser.SeleniumGridBrowserFactory.openBrowser(SeleniumGridBrowserFactory.java:65)\n\t... 37 more\n",
    "duration" : 775
  }, {
    "name" : "Homepage_OSXYosemite_Safari_8_1366x768",
    "startedAt" : 1449141802492,
    "endedAt" : 1449141803209,
    "failed" : true,
    "statistic" : {
      "passed" : 0,
      "errors" : 1,
      "warnings" : 0,
      "total" : 1
    },
    "testId" : "12-homepage-osxyosemite-safari-8-1366x768",
    "groups" : [ "Homepage_Desktop_1366x768" ],
    "failed" : true,
    "exceptionMessage" : "WrappedException: Wrapped java.lang.RuntimeException: org.openqa.selenium.WebDriverException: Automate daily limit reached for your plan. (WARNING: The server did not provide any stacktrace information)\nCommand duration or timeout: 713 milliseconds\nBuild info: version: 'unknown', revision: 'unknown', time: 'unknown'\nSystem info: host: 'Nishants-MacBook-Pro.local', ip: '192.168.0.3', os.name: 'Mac OS X', os.arch: 'x86_64', os.version: '10.11.1', java.version: '1.8.0_65'\nDriver info: org.openqa.selenium.remote.RemoteWebDriver (<cmd>#54)",
    "exceptionStacktrace" : "org.mozilla.javascript.WrappedException: Wrapped java.lang.RuntimeException: org.openqa.selenium.WebDriverException: Automate daily limit reached for your plan. (WARNING: The server did not provide any stacktrace information)\nCommand duration or timeout: 713 milliseconds\nBuild info: version: 'unknown', revision: 'unknown', time: 'unknown'\nSystem info: host: 'Nishants-MacBook-Pro.local', ip: '192.168.0.3', os.name: 'Mac OS X', os.arch: 'x86_64', os.version: '10.11.1', java.version: '1.8.0_65'\nDriver info: org.openqa.selenium.remote.RemoteWebDriver (<cmd>#54)\n\tat org.mozilla.javascript.Context.throwAsScriptRuntimeEx(Context.java:1754)\n\tat org.mozilla.javascript.MemberBox.invoke(MemberBox.java:148)\n\tat org.mozilla.javascript.NativeJavaMethod.call(NativeJavaMethod.java:225)\n\tat org.mozilla.javascript.optimizer.OptRuntime.callN(OptRuntime.java:52)\n\tat org.mozilla.javascript.gen._cmd__18._c_createGridDriver_4(<cmd>:54)\n\tat org.mozilla.javascript.gen._cmd__18.call(<cmd>)\n\tat org.mozilla.javascript.optimizer.OptRuntime.callName(OptRuntime.java:63)\n\tat org.mozilla.javascript.gen._Users_nishantkumar_Documents_galenv2_gcss_homepage_test_page_test_js_20._c_anonymous_13(/Users/nishantkumar/Documents/galenv2/gcss/homepage/test/page.test.js:265)\n\tat org.mozilla.javascript.gen._Users_nishantkumar_Documents_galenv2_gcss_homepage_test_page_test_js_20.call(/Users/nishantkumar/Documents/galenv2/gcss/homepage/test/page.test.js)\n\tat org.mozilla.javascript.ScriptRuntime.applyOrCall(ScriptRuntime.java:2429)\n\tat org.mozilla.javascript.BaseFunction.execIdCall(BaseFunction.java:269)\n\tat org.mozilla.javascript.IdFunctionObject.call(IdFunctionObject.java:97)\n\tat org.mozilla.javascript.optimizer.OptRuntime.call1(OptRuntime.java:32)\n\tat org.mozilla.javascript.gen._cmd__17._c_invokeFunc_2(<cmd>:31)\n\tat org.mozilla.javascript.gen._cmd__17.call(<cmd>)\n\tat org.mozilla.javascript.optimizer.OptRuntime.callName(OptRuntime.java:63)\n\tat org.mozilla.javascript.gen._cmd__17._c_anonymous_22(<cmd>:280)\n\tat org.mozilla.javascript.gen._cmd__17.call(<cmd>)\n\tat org.mozilla.javascript.ContextFactory.doTopCall(ContextFactory.java:394)\n\tat org.mozilla.javascript.ScriptRuntime.doTopCall(ScriptRuntime.java:3090)\n\tat org.mozilla.javascript.gen._cmd__17.call(<cmd>)\n\tat org.mozilla.javascript.JavaAdapter.doCall(JavaAdapter.java:606)\n\tat org.mozilla.javascript.JavaAdapter.access$000(JavaAdapter.java:15)\n\tat org.mozilla.javascript.JavaAdapter$1.run(JavaAdapter.java:586)\n\tat org.mozilla.javascript.Context.call(Context.java:489)\n\tat org.mozilla.javascript.ContextFactory.call(ContextFactory.java:504)\n\tat org.mozilla.javascript.JavaAdapter.callMethod(JavaAdapter.java:583)\n\tat adapter1.execute(<adapter>)\n\tat com.galenframework.TestRunnable.runTest(TestRunnable.java:75)\n\tat com.galenframework.TestRunnable.run(TestRunnable.java:101)\n\tat java.util.concurrent.ThreadPoolExecutor.runWorker(ThreadPoolExecutor.java:1142)\n\tat java.util.concurrent.ThreadPoolExecutor$Worker.run(ThreadPoolExecutor.java:617)\n\tat java.lang.Thread.run(Thread.java:745)\nCaused by: java.lang.RuntimeException: org.openqa.selenium.WebDriverException: Automate daily limit reached for your plan. (WARNING: The server did not provide any stacktrace information)\nCommand duration or timeout: 713 milliseconds\nBuild info: version: 'unknown', revision: 'unknown', time: 'unknown'\nSystem info: host: 'Nishants-MacBook-Pro.local', ip: '192.168.0.3', os.name: 'Mac OS X', os.arch: 'x86_64', os.version: '10.11.1', java.version: '1.8.0_65'\nDriver info: org.openqa.selenium.remote.RemoteWebDriver\n\tat com.galenframework.browser.SeleniumGridBrowserFactory.openBrowser(SeleniumGridBrowserFactory.java:70)\n\tat com.galenframework.utils.GalenUtils.createGridDriver(GalenUtils.java:286)\n\tat sun.reflect.NativeMethodAccessorImpl.invoke0(Native Method)\n\tat sun.reflect.NativeMethodAccessorImpl.invoke(NativeMethodAccessorImpl.java:62)\n\tat sun.reflect.DelegatingMethodAccessorImpl.invoke(DelegatingMethodAccessorImpl.java:43)\n\tat java.lang.reflect.Method.invoke(Method.java:497)\n\tat org.mozilla.javascript.MemberBox.invoke(MemberBox.java:126)\n\t... 31 more\nCaused by: org.openqa.selenium.WebDriverException: Automate daily limit reached for your plan. (WARNING: The server did not provide any stacktrace information)\nCommand duration or timeout: 713 milliseconds\nBuild info: version: 'unknown', revision: 'unknown', time: 'unknown'\nSystem info: host: 'Nishants-MacBook-Pro.local', ip: '192.168.0.3', os.name: 'Mac OS X', os.arch: 'x86_64', os.version: '10.11.1', java.version: '1.8.0_65'\nDriver info: org.openqa.selenium.remote.RemoteWebDriver\n\tat sun.reflect.NativeConstructorAccessorImpl.newInstance0(Native Method)\n\tat sun.reflect.NativeConstructorAccessorImpl.newInstance(NativeConstructorAccessorImpl.java:62)\n\tat sun.reflect.DelegatingConstructorAccessorImpl.newInstance(DelegatingConstructorAccessorImpl.java:45)\n\tat java.lang.reflect.Constructor.newInstance(Constructor.java:422)\n\tat org.openqa.selenium.remote.ErrorHandler.createThrowable(ErrorHandler.java:206)\n\tat org.openqa.selenium.remote.ErrorHandler.throwIfResponseFailed(ErrorHandler.java:158)\n\tat org.openqa.selenium.remote.RemoteWebDriver.execute(RemoteWebDriver.java:595)\n\tat org.openqa.selenium.remote.RemoteWebDriver.startSession(RemoteWebDriver.java:242)\n\tat org.openqa.selenium.remote.RemoteWebDriver.<init>(RemoteWebDriver.java:128)\n\tat org.openqa.selenium.remote.RemoteWebDriver.<init>(RemoteWebDriver.java:155)\n\tat com.galenframework.browser.SeleniumGridBrowserFactory.openBrowser(SeleniumGridBrowserFactory.java:65)\n\t... 37 more\n",
    "duration" : 717
  }, {
    "name" : "Homepage_OSXYosemite_Chrome_46_1366x768",
    "startedAt" : 1449141803209,
    "endedAt" : 1449141803915,
    "failed" : true,
    "statistic" : {
      "passed" : 0,
      "errors" : 1,
      "warnings" : 0,
      "total" : 1
    },
    "testId" : "13-homepage-osxyosemite-chrome-46-1366x768",
    "groups" : [ "Homepage_Desktop_1366x768" ],
    "failed" : true,
    "exceptionMessage" : "WrappedException: Wrapped java.lang.RuntimeException: org.openqa.selenium.WebDriverException: Automate daily limit reached for your plan. (WARNING: The server did not provide any stacktrace information)\nCommand duration or timeout: 701 milliseconds\nBuild info: version: 'unknown', revision: 'unknown', time: 'unknown'\nSystem info: host: 'Nishants-MacBook-Pro.local', ip: '192.168.0.3', os.name: 'Mac OS X', os.arch: 'x86_64', os.version: '10.11.1', java.version: '1.8.0_65'\nDriver info: org.openqa.selenium.remote.RemoteWebDriver (<cmd>#54)",
    "exceptionStacktrace" : "org.mozilla.javascript.WrappedException: Wrapped java.lang.RuntimeException: org.openqa.selenium.WebDriverException: Automate daily limit reached for your plan. (WARNING: The server did not provide any stacktrace information)\nCommand duration or timeout: 701 milliseconds\nBuild info: version: 'unknown', revision: 'unknown', time: 'unknown'\nSystem info: host: 'Nishants-MacBook-Pro.local', ip: '192.168.0.3', os.name: 'Mac OS X', os.arch: 'x86_64', os.version: '10.11.1', java.version: '1.8.0_65'\nDriver info: org.openqa.selenium.remote.RemoteWebDriver (<cmd>#54)\n\tat org.mozilla.javascript.Context.throwAsScriptRuntimeEx(Context.java:1754)\n\tat org.mozilla.javascript.MemberBox.invoke(MemberBox.java:148)\n\tat org.mozilla.javascript.NativeJavaMethod.call(NativeJavaMethod.java:225)\n\tat org.mozilla.javascript.optimizer.OptRuntime.callN(OptRuntime.java:52)\n\tat org.mozilla.javascript.gen._cmd__18._c_createGridDriver_4(<cmd>:54)\n\tat org.mozilla.javascript.gen._cmd__18.call(<cmd>)\n\tat org.mozilla.javascript.optimizer.OptRuntime.callName(OptRuntime.java:63)\n\tat org.mozilla.javascript.gen._Users_nishantkumar_Documents_galenv2_gcss_homepage_test_page_test_js_20._c_anonymous_14(/Users/nishantkumar/Documents/galenv2/gcss/homepage/test/page.test.js:287)\n\tat org.mozilla.javascript.gen._Users_nishantkumar_Documents_galenv2_gcss_homepage_test_page_test_js_20.call(/Users/nishantkumar/Documents/galenv2/gcss/homepage/test/page.test.js)\n\tat org.mozilla.javascript.ScriptRuntime.applyOrCall(ScriptRuntime.java:2429)\n\tat org.mozilla.javascript.BaseFunction.execIdCall(BaseFunction.java:269)\n\tat org.mozilla.javascript.IdFunctionObject.call(IdFunctionObject.java:97)\n\tat org.mozilla.javascript.optimizer.OptRuntime.call1(OptRuntime.java:32)\n\tat org.mozilla.javascript.gen._cmd__17._c_invokeFunc_2(<cmd>:31)\n\tat org.mozilla.javascript.gen._cmd__17.call(<cmd>)\n\tat org.mozilla.javascript.optimizer.OptRuntime.callName(OptRuntime.java:63)\n\tat org.mozilla.javascript.gen._cmd__17._c_anonymous_22(<cmd>:280)\n\tat org.mozilla.javascript.gen._cmd__17.call(<cmd>)\n\tat org.mozilla.javascript.ContextFactory.doTopCall(ContextFactory.java:394)\n\tat org.mozilla.javascript.ScriptRuntime.doTopCall(ScriptRuntime.java:3090)\n\tat org.mozilla.javascript.gen._cmd__17.call(<cmd>)\n\tat org.mozilla.javascript.JavaAdapter.doCall(JavaAdapter.java:606)\n\tat org.mozilla.javascript.JavaAdapter.access$000(JavaAdapter.java:15)\n\tat org.mozilla.javascript.JavaAdapter$1.run(JavaAdapter.java:586)\n\tat org.mozilla.javascript.Context.call(Context.java:489)\n\tat org.mozilla.javascript.ContextFactory.call(ContextFactory.java:504)\n\tat org.mozilla.javascript.JavaAdapter.callMethod(JavaAdapter.java:583)\n\tat adapter1.execute(<adapter>)\n\tat com.galenframework.TestRunnable.runTest(TestRunnable.java:75)\n\tat com.galenframework.TestRunnable.run(TestRunnable.java:101)\n\tat java.util.concurrent.ThreadPoolExecutor.runWorker(ThreadPoolExecutor.java:1142)\n\tat java.util.concurrent.ThreadPoolExecutor$Worker.run(ThreadPoolExecutor.java:617)\n\tat java.lang.Thread.run(Thread.java:745)\nCaused by: java.lang.RuntimeException: org.openqa.selenium.WebDriverException: Automate daily limit reached for your plan. (WARNING: The server did not provide any stacktrace information)\nCommand duration or timeout: 701 milliseconds\nBuild info: version: 'unknown', revision: 'unknown', time: 'unknown'\nSystem info: host: 'Nishants-MacBook-Pro.local', ip: '192.168.0.3', os.name: 'Mac OS X', os.arch: 'x86_64', os.version: '10.11.1', java.version: '1.8.0_65'\nDriver info: org.openqa.selenium.remote.RemoteWebDriver\n\tat com.galenframework.browser.SeleniumGridBrowserFactory.openBrowser(SeleniumGridBrowserFactory.java:70)\n\tat com.galenframework.utils.GalenUtils.createGridDriver(GalenUtils.java:286)\n\tat sun.reflect.NativeMethodAccessorImpl.invoke0(Native Method)\n\tat sun.reflect.NativeMethodAccessorImpl.invoke(NativeMethodAccessorImpl.java:62)\n\tat sun.reflect.DelegatingMethodAccessorImpl.invoke(DelegatingMethodAccessorImpl.java:43)\n\tat java.lang.reflect.Method.invoke(Method.java:497)\n\tat org.mozilla.javascript.MemberBox.invoke(MemberBox.java:126)\n\t... 31 more\nCaused by: org.openqa.selenium.WebDriverException: Automate daily limit reached for your plan. (WARNING: The server did not provide any stacktrace information)\nCommand duration or timeout: 701 milliseconds\nBuild info: version: 'unknown', revision: 'unknown', time: 'unknown'\nSystem info: host: 'Nishants-MacBook-Pro.local', ip: '192.168.0.3', os.name: 'Mac OS X', os.arch: 'x86_64', os.version: '10.11.1', java.version: '1.8.0_65'\nDriver info: org.openqa.selenium.remote.RemoteWebDriver\n\tat sun.reflect.NativeConstructorAccessorImpl.newInstance0(Native Method)\n\tat sun.reflect.NativeConstructorAccessorImpl.newInstance(NativeConstructorAccessorImpl.java:62)\n\tat sun.reflect.DelegatingConstructorAccessorImpl.newInstance(DelegatingConstructorAccessorImpl.java:45)\n\tat java.lang.reflect.Constructor.newInstance(Constructor.java:422)\n\tat org.openqa.selenium.remote.ErrorHandler.createThrowable(ErrorHandler.java:206)\n\tat org.openqa.selenium.remote.ErrorHandler.throwIfResponseFailed(ErrorHandler.java:158)\n\tat org.openqa.selenium.remote.RemoteWebDriver.execute(RemoteWebDriver.java:595)\n\tat org.openqa.selenium.remote.RemoteWebDriver.startSession(RemoteWebDriver.java:242)\n\tat org.openqa.selenium.remote.RemoteWebDriver.<init>(RemoteWebDriver.java:128)\n\tat org.openqa.selenium.remote.RemoteWebDriver.<init>(RemoteWebDriver.java:155)\n\tat com.galenframework.browser.SeleniumGridBrowserFactory.openBrowser(SeleniumGridBrowserFactory.java:65)\n\t... 37 more\n",
    "duration" : 706
  }, {
    "name" : "Homepage_iPadAir_iPad_768x1024",
    "startedAt" : 1449141803915,
    "endedAt" : 1449141804740,
    "failed" : true,
    "statistic" : {
      "passed" : 0,
      "errors" : 1,
      "warnings" : 0,
      "total" : 1
    },
    "testId" : "14-homepage-ipadair-ipad-768x1024",
    "groups" : [ "Homepage_Tablet_768x1024" ],
    "failed" : true,
    "exceptionMessage" : "WrappedException: Wrapped java.lang.RuntimeException: org.openqa.selenium.WebDriverException: Automate daily limit reached for your plan. (WARNING: The server did not provide any stacktrace information)\nCommand duration or timeout: 818 milliseconds\nBuild info: version: 'unknown', revision: 'unknown', time: 'unknown'\nSystem info: host: 'Nishants-MacBook-Pro.local', ip: '192.168.0.3', os.name: 'Mac OS X', os.arch: 'x86_64', os.version: '10.11.1', java.version: '1.8.0_65'\nDriver info: org.openqa.selenium.remote.RemoteWebDriver (<cmd>#54)",
    "exceptionStacktrace" : "org.mozilla.javascript.WrappedException: Wrapped java.lang.RuntimeException: org.openqa.selenium.WebDriverException: Automate daily limit reached for your plan. (WARNING: The server did not provide any stacktrace information)\nCommand duration or timeout: 818 milliseconds\nBuild info: version: 'unknown', revision: 'unknown', time: 'unknown'\nSystem info: host: 'Nishants-MacBook-Pro.local', ip: '192.168.0.3', os.name: 'Mac OS X', os.arch: 'x86_64', os.version: '10.11.1', java.version: '1.8.0_65'\nDriver info: org.openqa.selenium.remote.RemoteWebDriver (<cmd>#54)\n\tat org.mozilla.javascript.Context.throwAsScriptRuntimeEx(Context.java:1754)\n\tat org.mozilla.javascript.MemberBox.invoke(MemberBox.java:148)\n\tat org.mozilla.javascript.NativeJavaMethod.call(NativeJavaMethod.java:225)\n\tat org.mozilla.javascript.optimizer.OptRuntime.callN(OptRuntime.java:52)\n\tat org.mozilla.javascript.gen._cmd__18._c_createGridDriver_4(<cmd>:54)\n\tat org.mozilla.javascript.gen._cmd__18.call(<cmd>)\n\tat org.mozilla.javascript.optimizer.OptRuntime.callName(OptRuntime.java:63)\n\tat org.mozilla.javascript.gen._Users_nishantkumar_Documents_galenv2_gcss_homepage_test_page_test_js_20._c_anonymous_16(/Users/nishantkumar/Documents/galenv2/gcss/homepage/test/page.test.js:315)\n\tat org.mozilla.javascript.gen._Users_nishantkumar_Documents_galenv2_gcss_homepage_test_page_test_js_20.call(/Users/nishantkumar/Documents/galenv2/gcss/homepage/test/page.test.js)\n\tat org.mozilla.javascript.ScriptRuntime.applyOrCall(ScriptRuntime.java:2429)\n\tat org.mozilla.javascript.BaseFunction.execIdCall(BaseFunction.java:269)\n\tat org.mozilla.javascript.IdFunctionObject.call(IdFunctionObject.java:97)\n\tat org.mozilla.javascript.optimizer.OptRuntime.call1(OptRuntime.java:32)\n\tat org.mozilla.javascript.gen._cmd__17._c_invokeFunc_2(<cmd>:31)\n\tat org.mozilla.javascript.gen._cmd__17.call(<cmd>)\n\tat org.mozilla.javascript.optimizer.OptRuntime.callName(OptRuntime.java:63)\n\tat org.mozilla.javascript.gen._cmd__17._c_anonymous_22(<cmd>:280)\n\tat org.mozilla.javascript.gen._cmd__17.call(<cmd>)\n\tat org.mozilla.javascript.ContextFactory.doTopCall(ContextFactory.java:394)\n\tat org.mozilla.javascript.ScriptRuntime.doTopCall(ScriptRuntime.java:3090)\n\tat org.mozilla.javascript.gen._cmd__17.call(<cmd>)\n\tat org.mozilla.javascript.JavaAdapter.doCall(JavaAdapter.java:606)\n\tat org.mozilla.javascript.JavaAdapter.access$000(JavaAdapter.java:15)\n\tat org.mozilla.javascript.JavaAdapter$1.run(JavaAdapter.java:586)\n\tat org.mozilla.javascript.Context.call(Context.java:489)\n\tat org.mozilla.javascript.ContextFactory.call(ContextFactory.java:504)\n\tat org.mozilla.javascript.JavaAdapter.callMethod(JavaAdapter.java:583)\n\tat adapter1.execute(<adapter>)\n\tat com.galenframework.TestRunnable.runTest(TestRunnable.java:75)\n\tat com.galenframework.TestRunnable.run(TestRunnable.java:101)\n\tat java.util.concurrent.ThreadPoolExecutor.runWorker(ThreadPoolExecutor.java:1142)\n\tat java.util.concurrent.ThreadPoolExecutor$Worker.run(ThreadPoolExecutor.java:617)\n\tat java.lang.Thread.run(Thread.java:745)\nCaused by: java.lang.RuntimeException: org.openqa.selenium.WebDriverException: Automate daily limit reached for your plan. (WARNING: The server did not provide any stacktrace information)\nCommand duration or timeout: 818 milliseconds\nBuild info: version: 'unknown', revision: 'unknown', time: 'unknown'\nSystem info: host: 'Nishants-MacBook-Pro.local', ip: '192.168.0.3', os.name: 'Mac OS X', os.arch: 'x86_64', os.version: '10.11.1', java.version: '1.8.0_65'\nDriver info: org.openqa.selenium.remote.RemoteWebDriver\n\tat com.galenframework.browser.SeleniumGridBrowserFactory.openBrowser(SeleniumGridBrowserFactory.java:70)\n\tat com.galenframework.utils.GalenUtils.createGridDriver(GalenUtils.java:286)\n\tat sun.reflect.NativeMethodAccessorImpl.invoke0(Native Method)\n\tat sun.reflect.NativeMethodAccessorImpl.invoke(NativeMethodAccessorImpl.java:62)\n\tat sun.reflect.DelegatingMethodAccessorImpl.invoke(DelegatingMethodAccessorImpl.java:43)\n\tat java.lang.reflect.Method.invoke(Method.java:497)\n\tat org.mozilla.javascript.MemberBox.invoke(MemberBox.java:126)\n\t... 31 more\nCaused by: org.openqa.selenium.WebDriverException: Automate daily limit reached for your plan. (WARNING: The server did not provide any stacktrace information)\nCommand duration or timeout: 818 milliseconds\nBuild info: version: 'unknown', revision: 'unknown', time: 'unknown'\nSystem info: host: 'Nishants-MacBook-Pro.local', ip: '192.168.0.3', os.name: 'Mac OS X', os.arch: 'x86_64', os.version: '10.11.1', java.version: '1.8.0_65'\nDriver info: org.openqa.selenium.remote.RemoteWebDriver\n\tat sun.reflect.NativeConstructorAccessorImpl.newInstance0(Native Method)\n\tat sun.reflect.NativeConstructorAccessorImpl.newInstance(NativeConstructorAccessorImpl.java:62)\n\tat sun.reflect.DelegatingConstructorAccessorImpl.newInstance(DelegatingConstructorAccessorImpl.java:45)\n\tat java.lang.reflect.Constructor.newInstance(Constructor.java:422)\n\tat org.openqa.selenium.remote.ErrorHandler.createThrowable(ErrorHandler.java:206)\n\tat org.openqa.selenium.remote.ErrorHandler.throwIfResponseFailed(ErrorHandler.java:158)\n\tat org.openqa.selenium.remote.RemoteWebDriver.execute(RemoteWebDriver.java:595)\n\tat org.openqa.selenium.remote.RemoteWebDriver.startSession(RemoteWebDriver.java:242)\n\tat org.openqa.selenium.remote.RemoteWebDriver.<init>(RemoteWebDriver.java:128)\n\tat org.openqa.selenium.remote.RemoteWebDriver.<init>(RemoteWebDriver.java:155)\n\tat com.galenframework.browser.SeleniumGridBrowserFactory.openBrowser(SeleniumGridBrowserFactory.java:65)\n\t... 37 more\n",
    "duration" : 825
  }, {
    "name" : "Homepage_GoogleNexus7_android_768x1024",
    "startedAt" : 1449141804740,
    "endedAt" : 1449141805486,
    "failed" : true,
    "statistic" : {
      "passed" : 0,
      "errors" : 1,
      "warnings" : 0,
      "total" : 1
    },
    "testId" : "15-homepage-googlenexus7-android-768x1024",
    "groups" : [ "Homepage_Tablet_768x1024" ],
    "failed" : true,
    "exceptionMessage" : "WrappedException: Wrapped java.lang.RuntimeException: org.openqa.selenium.WebDriverException: Automate daily limit reached for your plan. (WARNING: The server did not provide any stacktrace information)\nCommand duration or timeout: 743 milliseconds\nBuild info: version: 'unknown', revision: 'unknown', time: 'unknown'\nSystem info: host: 'Nishants-MacBook-Pro.local', ip: '192.168.0.3', os.name: 'Mac OS X', os.arch: 'x86_64', os.version: '10.11.1', java.version: '1.8.0_65'\nDriver info: org.openqa.selenium.remote.RemoteWebDriver (<cmd>#54)",
    "exceptionStacktrace" : "org.mozilla.javascript.WrappedException: Wrapped java.lang.RuntimeException: org.openqa.selenium.WebDriverException: Automate daily limit reached for your plan. (WARNING: The server did not provide any stacktrace information)\nCommand duration or timeout: 743 milliseconds\nBuild info: version: 'unknown', revision: 'unknown', time: 'unknown'\nSystem info: host: 'Nishants-MacBook-Pro.local', ip: '192.168.0.3', os.name: 'Mac OS X', os.arch: 'x86_64', os.version: '10.11.1', java.version: '1.8.0_65'\nDriver info: org.openqa.selenium.remote.RemoteWebDriver (<cmd>#54)\n\tat org.mozilla.javascript.Context.throwAsScriptRuntimeEx(Context.java:1754)\n\tat org.mozilla.javascript.MemberBox.invoke(MemberBox.java:148)\n\tat org.mozilla.javascript.NativeJavaMethod.call(NativeJavaMethod.java:225)\n\tat org.mozilla.javascript.optimizer.OptRuntime.callN(OptRuntime.java:52)\n\tat org.mozilla.javascript.gen._cmd__18._c_createGridDriver_4(<cmd>:54)\n\tat org.mozilla.javascript.gen._cmd__18.call(<cmd>)\n\tat org.mozilla.javascript.optimizer.OptRuntime.callName(OptRuntime.java:63)\n\tat org.mozilla.javascript.gen._Users_nishantkumar_Documents_galenv2_gcss_homepage_test_page_test_js_20._c_anonymous_17(/Users/nishantkumar/Documents/galenv2/gcss/homepage/test/page.test.js:334)\n\tat org.mozilla.javascript.gen._Users_nishantkumar_Documents_galenv2_gcss_homepage_test_page_test_js_20.call(/Users/nishantkumar/Documents/galenv2/gcss/homepage/test/page.test.js)\n\tat org.mozilla.javascript.ScriptRuntime.applyOrCall(ScriptRuntime.java:2429)\n\tat org.mozilla.javascript.BaseFunction.execIdCall(BaseFunction.java:269)\n\tat org.mozilla.javascript.IdFunctionObject.call(IdFunctionObject.java:97)\n\tat org.mozilla.javascript.optimizer.OptRuntime.call1(OptRuntime.java:32)\n\tat org.mozilla.javascript.gen._cmd__17._c_invokeFunc_2(<cmd>:31)\n\tat org.mozilla.javascript.gen._cmd__17.call(<cmd>)\n\tat org.mozilla.javascript.optimizer.OptRuntime.callName(OptRuntime.java:63)\n\tat org.mozilla.javascript.gen._cmd__17._c_anonymous_22(<cmd>:280)\n\tat org.mozilla.javascript.gen._cmd__17.call(<cmd>)\n\tat org.mozilla.javascript.ContextFactory.doTopCall(ContextFactory.java:394)\n\tat org.mozilla.javascript.ScriptRuntime.doTopCall(ScriptRuntime.java:3090)\n\tat org.mozilla.javascript.gen._cmd__17.call(<cmd>)\n\tat org.mozilla.javascript.JavaAdapter.doCall(JavaAdapter.java:606)\n\tat org.mozilla.javascript.JavaAdapter.access$000(JavaAdapter.java:15)\n\tat org.mozilla.javascript.JavaAdapter$1.run(JavaAdapter.java:586)\n\tat org.mozilla.javascript.Context.call(Context.java:489)\n\tat org.mozilla.javascript.ContextFactory.call(ContextFactory.java:504)\n\tat org.mozilla.javascript.JavaAdapter.callMethod(JavaAdapter.java:583)\n\tat adapter1.execute(<adapter>)\n\tat com.galenframework.TestRunnable.runTest(TestRunnable.java:75)\n\tat com.galenframework.TestRunnable.run(TestRunnable.java:101)\n\tat java.util.concurrent.ThreadPoolExecutor.runWorker(ThreadPoolExecutor.java:1142)\n\tat java.util.concurrent.ThreadPoolExecutor$Worker.run(ThreadPoolExecutor.java:617)\n\tat java.lang.Thread.run(Thread.java:745)\nCaused by: java.lang.RuntimeException: org.openqa.selenium.WebDriverException: Automate daily limit reached for your plan. (WARNING: The server did not provide any stacktrace information)\nCommand duration or timeout: 743 milliseconds\nBuild info: version: 'unknown', revision: 'unknown', time: 'unknown'\nSystem info: host: 'Nishants-MacBook-Pro.local', ip: '192.168.0.3', os.name: 'Mac OS X', os.arch: 'x86_64', os.version: '10.11.1', java.version: '1.8.0_65'\nDriver info: org.openqa.selenium.remote.RemoteWebDriver\n\tat com.galenframework.browser.SeleniumGridBrowserFactory.openBrowser(SeleniumGridBrowserFactory.java:70)\n\tat com.galenframework.utils.GalenUtils.createGridDriver(GalenUtils.java:286)\n\tat sun.reflect.NativeMethodAccessorImpl.invoke0(Native Method)\n\tat sun.reflect.NativeMethodAccessorImpl.invoke(NativeMethodAccessorImpl.java:62)\n\tat sun.reflect.DelegatingMethodAccessorImpl.invoke(DelegatingMethodAccessorImpl.java:43)\n\tat java.lang.reflect.Method.invoke(Method.java:497)\n\tat org.mozilla.javascript.MemberBox.invoke(MemberBox.java:126)\n\t... 31 more\nCaused by: org.openqa.selenium.WebDriverException: Automate daily limit reached for your plan. (WARNING: The server did not provide any stacktrace information)\nCommand duration or timeout: 743 milliseconds\nBuild info: version: 'unknown', revision: 'unknown', time: 'unknown'\nSystem info: host: 'Nishants-MacBook-Pro.local', ip: '192.168.0.3', os.name: 'Mac OS X', os.arch: 'x86_64', os.version: '10.11.1', java.version: '1.8.0_65'\nDriver info: org.openqa.selenium.remote.RemoteWebDriver\n\tat sun.reflect.NativeConstructorAccessorImpl.newInstance0(Native Method)\n\tat sun.reflect.NativeConstructorAccessorImpl.newInstance(NativeConstructorAccessorImpl.java:62)\n\tat sun.reflect.DelegatingConstructorAccessorImpl.newInstance(DelegatingConstructorAccessorImpl.java:45)\n\tat java.lang.reflect.Constructor.newInstance(Constructor.java:422)\n\tat org.openqa.selenium.remote.ErrorHandler.createThrowable(ErrorHandler.java:206)\n\tat org.openqa.selenium.remote.ErrorHandler.throwIfResponseFailed(ErrorHandler.java:158)\n\tat org.openqa.selenium.remote.RemoteWebDriver.execute(RemoteWebDriver.java:595)\n\tat org.openqa.selenium.remote.RemoteWebDriver.startSession(RemoteWebDriver.java:242)\n\tat org.openqa.selenium.remote.RemoteWebDriver.<init>(RemoteWebDriver.java:128)\n\tat org.openqa.selenium.remote.RemoteWebDriver.<init>(RemoteWebDriver.java:155)\n\tat com.galenframework.browser.SeleniumGridBrowserFactory.openBrowser(SeleniumGridBrowserFactory.java:65)\n\t... 37 more\n",
    "duration" : 746
  }, {
    "name" : "Homepage_SamsungGalaxyS5_android_360x640",
    "startedAt" : 1449141805486,
    "endedAt" : 1449141806801,
    "failed" : true,
    "statistic" : {
      "passed" : 0,
      "errors" : 1,
      "warnings" : 0,
      "total" : 1
    },
    "testId" : "16-homepage-samsunggalaxys5-android-360x640",
    "groups" : [ "Homepage_Mobile" ],
    "failed" : true,
    "exceptionMessage" : "WrappedException: Wrapped java.lang.RuntimeException: org.openqa.selenium.WebDriverException: Automate daily limit reached for your plan. (WARNING: The server did not provide any stacktrace information)\nCommand duration or timeout: 1.31 seconds\nBuild info: version: 'unknown', revision: 'unknown', time: 'unknown'\nSystem info: host: 'Nishants-MacBook-Pro.local', ip: '192.168.0.3', os.name: 'Mac OS X', os.arch: 'x86_64', os.version: '10.11.1', java.version: '1.8.0_65'\nDriver info: org.openqa.selenium.remote.RemoteWebDriver (<cmd>#54)",
    "exceptionStacktrace" : "org.mozilla.javascript.WrappedException: Wrapped java.lang.RuntimeException: org.openqa.selenium.WebDriverException: Automate daily limit reached for your plan. (WARNING: The server did not provide any stacktrace information)\nCommand duration or timeout: 1.31 seconds\nBuild info: version: 'unknown', revision: 'unknown', time: 'unknown'\nSystem info: host: 'Nishants-MacBook-Pro.local', ip: '192.168.0.3', os.name: 'Mac OS X', os.arch: 'x86_64', os.version: '10.11.1', java.version: '1.8.0_65'\nDriver info: org.openqa.selenium.remote.RemoteWebDriver (<cmd>#54)\n\tat org.mozilla.javascript.Context.throwAsScriptRuntimeEx(Context.java:1754)\n\tat org.mozilla.javascript.MemberBox.invoke(MemberBox.java:148)\n\tat org.mozilla.javascript.NativeJavaMethod.call(NativeJavaMethod.java:225)\n\tat org.mozilla.javascript.optimizer.OptRuntime.callN(OptRuntime.java:52)\n\tat org.mozilla.javascript.gen._cmd__18._c_createGridDriver_4(<cmd>:54)\n\tat org.mozilla.javascript.gen._cmd__18.call(<cmd>)\n\tat org.mozilla.javascript.optimizer.OptRuntime.callName(OptRuntime.java:63)\n\tat org.mozilla.javascript.gen._Users_nishantkumar_Documents_galenv2_gcss_homepage_test_page_test_js_20._c_anonymous_19(/Users/nishantkumar/Documents/galenv2/gcss/homepage/test/page.test.js:359)\n\tat org.mozilla.javascript.gen._Users_nishantkumar_Documents_galenv2_gcss_homepage_test_page_test_js_20.call(/Users/nishantkumar/Documents/galenv2/gcss/homepage/test/page.test.js)\n\tat org.mozilla.javascript.ScriptRuntime.applyOrCall(ScriptRuntime.java:2429)\n\tat org.mozilla.javascript.BaseFunction.execIdCall(BaseFunction.java:269)\n\tat org.mozilla.javascript.IdFunctionObject.call(IdFunctionObject.java:97)\n\tat org.mozilla.javascript.optimizer.OptRuntime.call1(OptRuntime.java:32)\n\tat org.mozilla.javascript.gen._cmd__17._c_invokeFunc_2(<cmd>:31)\n\tat org.mozilla.javascript.gen._cmd__17.call(<cmd>)\n\tat org.mozilla.javascript.optimizer.OptRuntime.callName(OptRuntime.java:63)\n\tat org.mozilla.javascript.gen._cmd__17._c_anonymous_22(<cmd>:280)\n\tat org.mozilla.javascript.gen._cmd__17.call(<cmd>)\n\tat org.mozilla.javascript.ContextFactory.doTopCall(ContextFactory.java:394)\n\tat org.mozilla.javascript.ScriptRuntime.doTopCall(ScriptRuntime.java:3090)\n\tat org.mozilla.javascript.gen._cmd__17.call(<cmd>)\n\tat org.mozilla.javascript.JavaAdapter.doCall(JavaAdapter.java:606)\n\tat org.mozilla.javascript.JavaAdapter.access$000(JavaAdapter.java:15)\n\tat org.mozilla.javascript.JavaAdapter$1.run(JavaAdapter.java:586)\n\tat org.mozilla.javascript.Context.call(Context.java:489)\n\tat org.mozilla.javascript.ContextFactory.call(ContextFactory.java:504)\n\tat org.mozilla.javascript.JavaAdapter.callMethod(JavaAdapter.java:583)\n\tat adapter1.execute(<adapter>)\n\tat com.galenframework.TestRunnable.runTest(TestRunnable.java:75)\n\tat com.galenframework.TestRunnable.run(TestRunnable.java:101)\n\tat java.util.concurrent.ThreadPoolExecutor.runWorker(ThreadPoolExecutor.java:1142)\n\tat java.util.concurrent.ThreadPoolExecutor$Worker.run(ThreadPoolExecutor.java:617)\n\tat java.lang.Thread.run(Thread.java:745)\nCaused by: java.lang.RuntimeException: org.openqa.selenium.WebDriverException: Automate daily limit reached for your plan. (WARNING: The server did not provide any stacktrace information)\nCommand duration or timeout: 1.31 seconds\nBuild info: version: 'unknown', revision: 'unknown', time: 'unknown'\nSystem info: host: 'Nishants-MacBook-Pro.local', ip: '192.168.0.3', os.name: 'Mac OS X', os.arch: 'x86_64', os.version: '10.11.1', java.version: '1.8.0_65'\nDriver info: org.openqa.selenium.remote.RemoteWebDriver\n\tat com.galenframework.browser.SeleniumGridBrowserFactory.openBrowser(SeleniumGridBrowserFactory.java:70)\n\tat com.galenframework.utils.GalenUtils.createGridDriver(GalenUtils.java:286)\n\tat sun.reflect.NativeMethodAccessorImpl.invoke0(Native Method)\n\tat sun.reflect.NativeMethodAccessorImpl.invoke(NativeMethodAccessorImpl.java:62)\n\tat sun.reflect.DelegatingMethodAccessorImpl.invoke(DelegatingMethodAccessorImpl.java:43)\n\tat java.lang.reflect.Method.invoke(Method.java:497)\n\tat org.mozilla.javascript.MemberBox.invoke(MemberBox.java:126)\n\t... 31 more\nCaused by: org.openqa.selenium.WebDriverException: Automate daily limit reached for your plan. (WARNING: The server did not provide any stacktrace information)\nCommand duration or timeout: 1.31 seconds\nBuild info: version: 'unknown', revision: 'unknown', time: 'unknown'\nSystem info: host: 'Nishants-MacBook-Pro.local', ip: '192.168.0.3', os.name: 'Mac OS X', os.arch: 'x86_64', os.version: '10.11.1', java.version: '1.8.0_65'\nDriver info: org.openqa.selenium.remote.RemoteWebDriver\n\tat sun.reflect.NativeConstructorAccessorImpl.newInstance0(Native Method)\n\tat sun.reflect.NativeConstructorAccessorImpl.newInstance(NativeConstructorAccessorImpl.java:62)\n\tat sun.reflect.DelegatingConstructorAccessorImpl.newInstance(DelegatingConstructorAccessorImpl.java:45)\n\tat java.lang.reflect.Constructor.newInstance(Constructor.java:422)\n\tat org.openqa.selenium.remote.ErrorHandler.createThrowable(ErrorHandler.java:206)\n\tat org.openqa.selenium.remote.ErrorHandler.throwIfResponseFailed(ErrorHandler.java:158)\n\tat org.openqa.selenium.remote.RemoteWebDriver.execute(RemoteWebDriver.java:595)\n\tat org.openqa.selenium.remote.RemoteWebDriver.startSession(RemoteWebDriver.java:242)\n\tat org.openqa.selenium.remote.RemoteWebDriver.<init>(RemoteWebDriver.java:128)\n\tat org.openqa.selenium.remote.RemoteWebDriver.<init>(RemoteWebDriver.java:155)\n\tat com.galenframework.browser.SeleniumGridBrowserFactory.openBrowser(SeleniumGridBrowserFactory.java:65)\n\t... 37 more\n",
    "duration" : 1315
  }, {
    "name" : "Homepage_iPhone5_iPhone_320x568",
    "startedAt" : 1449141806801,
    "endedAt" : 1449141807683,
    "failed" : true,
    "statistic" : {
      "passed" : 0,
      "errors" : 1,
      "warnings" : 0,
      "total" : 1
    },
    "testId" : "17-homepage-iphone5-iphone-320x568",
    "groups" : [ "Homepage_Mobile" ],
    "failed" : true,
    "exceptionMessage" : "WrappedException: Wrapped java.lang.RuntimeException: org.openqa.selenium.WebDriverException: Automate daily limit reached for your plan. (WARNING: The server did not provide any stacktrace information)\nCommand duration or timeout: 878 milliseconds\nBuild info: version: 'unknown', revision: 'unknown', time: 'unknown'\nSystem info: host: 'Nishants-MacBook-Pro.local', ip: '192.168.0.3', os.name: 'Mac OS X', os.arch: 'x86_64', os.version: '10.11.1', java.version: '1.8.0_65'\nDriver info: org.openqa.selenium.remote.RemoteWebDriver (<cmd>#54)",
    "exceptionStacktrace" : "org.mozilla.javascript.WrappedException: Wrapped java.lang.RuntimeException: org.openqa.selenium.WebDriverException: Automate daily limit reached for your plan. (WARNING: The server did not provide any stacktrace information)\nCommand duration or timeout: 878 milliseconds\nBuild info: version: 'unknown', revision: 'unknown', time: 'unknown'\nSystem info: host: 'Nishants-MacBook-Pro.local', ip: '192.168.0.3', os.name: 'Mac OS X', os.arch: 'x86_64', os.version: '10.11.1', java.version: '1.8.0_65'\nDriver info: org.openqa.selenium.remote.RemoteWebDriver (<cmd>#54)\n\tat org.mozilla.javascript.Context.throwAsScriptRuntimeEx(Context.java:1754)\n\tat org.mozilla.javascript.MemberBox.invoke(MemberBox.java:148)\n\tat org.mozilla.javascript.NativeJavaMethod.call(NativeJavaMethod.java:225)\n\tat org.mozilla.javascript.optimizer.OptRuntime.callN(OptRuntime.java:52)\n\tat org.mozilla.javascript.gen._cmd__18._c_createGridDriver_4(<cmd>:54)\n\tat org.mozilla.javascript.gen._cmd__18.call(<cmd>)\n\tat org.mozilla.javascript.optimizer.OptRuntime.callName(OptRuntime.java:63)\n\tat org.mozilla.javascript.gen._Users_nishantkumar_Documents_galenv2_gcss_homepage_test_page_test_js_20._c_anonymous_20(/Users/nishantkumar/Documents/galenv2/gcss/homepage/test/page.test.js:378)\n\tat org.mozilla.javascript.gen._Users_nishantkumar_Documents_galenv2_gcss_homepage_test_page_test_js_20.call(/Users/nishantkumar/Documents/galenv2/gcss/homepage/test/page.test.js)\n\tat org.mozilla.javascript.ScriptRuntime.applyOrCall(ScriptRuntime.java:2429)\n\tat org.mozilla.javascript.BaseFunction.execIdCall(BaseFunction.java:269)\n\tat org.mozilla.javascript.IdFunctionObject.call(IdFunctionObject.java:97)\n\tat org.mozilla.javascript.optimizer.OptRuntime.call1(OptRuntime.java:32)\n\tat org.mozilla.javascript.gen._cmd__17._c_invokeFunc_2(<cmd>:31)\n\tat org.mozilla.javascript.gen._cmd__17.call(<cmd>)\n\tat org.mozilla.javascript.optimizer.OptRuntime.callName(OptRuntime.java:63)\n\tat org.mozilla.javascript.gen._cmd__17._c_anonymous_22(<cmd>:280)\n\tat org.mozilla.javascript.gen._cmd__17.call(<cmd>)\n\tat org.mozilla.javascript.ContextFactory.doTopCall(ContextFactory.java:394)\n\tat org.mozilla.javascript.ScriptRuntime.doTopCall(ScriptRuntime.java:3090)\n\tat org.mozilla.javascript.gen._cmd__17.call(<cmd>)\n\tat org.mozilla.javascript.JavaAdapter.doCall(JavaAdapter.java:606)\n\tat org.mozilla.javascript.JavaAdapter.access$000(JavaAdapter.java:15)\n\tat org.mozilla.javascript.JavaAdapter$1.run(JavaAdapter.java:586)\n\tat org.mozilla.javascript.Context.call(Context.java:489)\n\tat org.mozilla.javascript.ContextFactory.call(ContextFactory.java:504)\n\tat org.mozilla.javascript.JavaAdapter.callMethod(JavaAdapter.java:583)\n\tat adapter1.execute(<adapter>)\n\tat com.galenframework.TestRunnable.runTest(TestRunnable.java:75)\n\tat com.galenframework.TestRunnable.run(TestRunnable.java:101)\n\tat java.util.concurrent.ThreadPoolExecutor.runWorker(ThreadPoolExecutor.java:1142)\n\tat java.util.concurrent.ThreadPoolExecutor$Worker.run(ThreadPoolExecutor.java:617)\n\tat java.lang.Thread.run(Thread.java:745)\nCaused by: java.lang.RuntimeException: org.openqa.selenium.WebDriverException: Automate daily limit reached for your plan. (WARNING: The server did not provide any stacktrace information)\nCommand duration or timeout: 878 milliseconds\nBuild info: version: 'unknown', revision: 'unknown', time: 'unknown'\nSystem info: host: 'Nishants-MacBook-Pro.local', ip: '192.168.0.3', os.name: 'Mac OS X', os.arch: 'x86_64', os.version: '10.11.1', java.version: '1.8.0_65'\nDriver info: org.openqa.selenium.remote.RemoteWebDriver\n\tat com.galenframework.browser.SeleniumGridBrowserFactory.openBrowser(SeleniumGridBrowserFactory.java:70)\n\tat com.galenframework.utils.GalenUtils.createGridDriver(GalenUtils.java:286)\n\tat sun.reflect.GeneratedMethodAccessor2.invoke(Unknown Source)\n\tat sun.reflect.DelegatingMethodAccessorImpl.invoke(DelegatingMethodAccessorImpl.java:43)\n\tat java.lang.reflect.Method.invoke(Method.java:497)\n\tat org.mozilla.javascript.MemberBox.invoke(MemberBox.java:126)\n\t... 31 more\nCaused by: org.openqa.selenium.WebDriverException: Automate daily limit reached for your plan. (WARNING: The server did not provide any stacktrace information)\nCommand duration or timeout: 878 milliseconds\nBuild info: version: 'unknown', revision: 'unknown', time: 'unknown'\nSystem info: host: 'Nishants-MacBook-Pro.local', ip: '192.168.0.3', os.name: 'Mac OS X', os.arch: 'x86_64', os.version: '10.11.1', java.version: '1.8.0_65'\nDriver info: org.openqa.selenium.remote.RemoteWebDriver\n\tat sun.reflect.GeneratedConstructorAccessor16.newInstance(Unknown Source)\n\tat sun.reflect.DelegatingConstructorAccessorImpl.newInstance(DelegatingConstructorAccessorImpl.java:45)\n\tat java.lang.reflect.Constructor.newInstance(Constructor.java:422)\n\tat org.openqa.selenium.remote.ErrorHandler.createThrowable(ErrorHandler.java:206)\n\tat org.openqa.selenium.remote.ErrorHandler.throwIfResponseFailed(ErrorHandler.java:158)\n\tat org.openqa.selenium.remote.RemoteWebDriver.execute(RemoteWebDriver.java:595)\n\tat org.openqa.selenium.remote.RemoteWebDriver.startSession(RemoteWebDriver.java:242)\n\tat org.openqa.selenium.remote.RemoteWebDriver.<init>(RemoteWebDriver.java:128)\n\tat org.openqa.selenium.remote.RemoteWebDriver.<init>(RemoteWebDriver.java:155)\n\tat com.galenframework.browser.SeleniumGridBrowserFactory.openBrowser(SeleniumGridBrowserFactory.java:65)\n\t... 36 more\n",
    "duration" : 882
  } ]
};

        </script>
        <script>
            $(function () {
                var galenReport = createGalenTestOverview();
                galenReport.renderTestsTable("tests-table", reportData);
                galenReport.renderGroupsTable("groups-table", reportData);

                window.onhashchange = function () {
                    galenReport.handleHash(window.location.hash.substr(1));
                };

                galenReport.handleHash(window.location.hash.substr(1));
            });
        </script>
    </head>
    <body>


        <div class="tests-overview">
            <h2>Galen Test Report</h2>
            <div class="tabs">
                <a class="tab tab-tests" href="#tests">Tests</a>
                <a class="tab tab-groups" href="#groups">Groups</a>
            </div>
            <div id="tests-table">
            </div>
            <div id="groups-table">
            </div>

            <script id="tests-table-tpl" type="text/x-handlebars-template">
                <table class="tests tablesorter">
                    <thead>
                        <tr>
                            <th>Test</th>
                            <th>Passed</th>
                            <th>Failed</th>
                            <th>Warnings</th>
                            <th>Total</th>
                            <th>Groups</th>
                            <th>Started</th>
                            <th>Duration</th>
                            <th></th>
                        </tr>
                    </thead>
                    <tbody>
                        {{#each tests}}
                        <tr data-groups="{{groups}}">
                            <td class="suite-link">
                                <a href="{{testId}}.html">{{name}}</a>
                            </td>
                            <td class="status passed">{{statistic.passed}}</td>
                            <td class="status failed">{{statistic.errors}}</td>
                            <td class="status warnings">{{statistic.warnings}}</td>
                            <td class="status total">{{statistic.total}}</td>
                            <td class="tags">{{formatGroupsPretty groups}}</td>
                            <td class="time">{{formatDateTime startedAt}}</td>
                            <td class="time">{{formatDurationHumanReadable duration}}</td>
                            <td class="progressbar">
                                {{renderProgressBar statistic}}
                            </td>
                        </tr>
                        {{/each}}
                    </tbody>
                </table>
            </script>
            <script id="groups-table-tpl" type="text/x-handlebars-template">
                <table class="groups tablesorter">
                    <thead>
                        <tr>
                            <th>Group</th>
                            <th>Passed</th>
                            <th>Failed</th>
                            <th>Tests</th>
                            <th></th>
                        </tr>
                    </thead>
                    <tbody>
                        {{#each this}}
                        <tr>
                            <td class="group-link">
                                <a href="#tests|grouped|{{name}}">{{name}}</a>
                            </td>
                            <td class="status passed">{{passed}}</td>
                            <td class="status failed">{{failed}}</td>
                            <td class="status total">{{tests}}</td>
                            <td class="progressbar">
                                {{renderGroupsProgressBar this}}
                            </td>
                        </tr>
                        {{/each}}
                    </tbody>
                </table>
            </script>
        </div>
    </body>
</html>
